[debug] [2023-11-02T16:43:28.242Z] ----------------------------------------------------------------------
[debug] [2023-11-02T16:43:28.246Z] Command:       C:\Program Files\nodejs\node.exe C:\Users\USER\AppData\Roaming\npm\node_modules\firebase-tools\lib\bin\firebase.js deploy
[debug] [2023-11-02T16:43:28.247Z] CLI Version:   12.8.0
[debug] [2023-11-02T16:43:28.247Z] Platform:      win32
[debug] [2023-11-02T16:43:28.248Z] Node Version:  v18.18.2
[debug] [2023-11-02T16:43:28.249Z] Time:          Thu Nov 02 2023 09:43:28 GMT-0700 (Pacific Daylight Time)
[debug] [2023-11-02T16:43:28.250Z] ----------------------------------------------------------------------
[debug] 
[debug] [2023-11-02T16:43:28.447Z] > command requires scopes: ["email","openid","https://www.googleapis.com/auth/cloudplatformprojects.readonly","https://www.googleapis.com/auth/firebase","https://www.googleapis.com/auth/cloud-platform"]
[debug] [2023-11-02T16:43:28.449Z] > authorizing via signed-in user (agroha.cares@gmail.com)
[debug] [2023-11-02T16:43:28.449Z] [iam] checking project retailup-91b28 for permissions ["cloudfunctions.functions.create","cloudfunctions.functions.delete","cloudfunctions.functions.get","cloudfunctions.functions.list","cloudfunctions.functions.update","cloudfunctions.operations.get","firebase.projects.get","firebasehosting.sites.update"]
[debug] [2023-11-02T16:43:28.452Z] > refreshing access token with scopes: []
[debug] [2023-11-02T16:43:28.455Z] >>> [apiv2][query] POST https://www.googleapis.com/oauth2/v3/token [none]
[debug] [2023-11-02T16:43:28.456Z] >>> [apiv2][body] POST https://www.googleapis.com/oauth2/v3/token [omitted]
[debug] [2023-11-02T16:43:28.852Z] <<< [apiv2][status] POST https://www.googleapis.com/oauth2/v3/token 200
[debug] [2023-11-02T16:43:28.852Z] <<< [apiv2][body] POST https://www.googleapis.com/oauth2/v3/token [omitted]
[debug] [2023-11-02T16:43:28.869Z] >>> [apiv2][query] POST https://cloudresourcemanager.googleapis.com/v1/projects/retailup-91b28:testIamPermissions [none]
[debug] [2023-11-02T16:43:28.869Z] >>> [apiv2][(partial)header] POST https://cloudresourcemanager.googleapis.com/v1/projects/retailup-91b28:testIamPermissions x-goog-quota-user=projects/retailup-91b28
[debug] [2023-11-02T16:43:28.869Z] >>> [apiv2][body] POST https://cloudresourcemanager.googleapis.com/v1/projects/retailup-91b28:testIamPermissions {"permissions":["cloudfunctions.functions.create","cloudfunctions.functions.delete","cloudfunctions.functions.get","cloudfunctions.functions.list","cloudfunctions.functions.update","cloudfunctions.operations.get","firebase.projects.get","firebasehosting.sites.update"]}
[debug] [2023-11-02T16:43:30.774Z] <<< [apiv2][status] POST https://cloudresourcemanager.googleapis.com/v1/projects/retailup-91b28:testIamPermissions 200
[debug] [2023-11-02T16:43:30.774Z] <<< [apiv2][body] POST https://cloudresourcemanager.googleapis.com/v1/projects/retailup-91b28:testIamPermissions {"permissions":["cloudfunctions.functions.create","cloudfunctions.functions.delete","cloudfunctions.functions.get","cloudfunctions.functions.list","cloudfunctions.functions.update","cloudfunctions.operations.get","firebase.projects.get","firebasehosting.sites.update"]}
[debug] [2023-11-02T16:43:30.775Z] >>> [apiv2][query] POST https://iam.googleapis.com/v1/projects/retailup-91b28/serviceAccounts/retailup-91b28@appspot.gserviceaccount.com:testIamPermissions [none]
[debug] [2023-11-02T16:43:30.775Z] >>> [apiv2][body] POST https://iam.googleapis.com/v1/projects/retailup-91b28/serviceAccounts/retailup-91b28@appspot.gserviceaccount.com:testIamPermissions {"permissions":["iam.serviceAccounts.actAs"]}
[debug] [2023-11-02T16:43:32.490Z] <<< [apiv2][status] POST https://iam.googleapis.com/v1/projects/retailup-91b28/serviceAccounts/retailup-91b28@appspot.gserviceaccount.com:testIamPermissions 200
[debug] [2023-11-02T16:43:32.490Z] <<< [apiv2][body] POST https://iam.googleapis.com/v1/projects/retailup-91b28/serviceAccounts/retailup-91b28@appspot.gserviceaccount.com:testIamPermissions {"permissions":["iam.serviceAccounts.actAs"]}
[debug] [2023-11-02T16:43:32.492Z] >>> [apiv2][query] GET https://firebase.googleapis.com/v1beta1/projects/retailup-91b28 [none]
[debug] [2023-11-02T16:43:33.030Z] <<< [apiv2][status] GET https://firebase.googleapis.com/v1beta1/projects/retailup-91b28 200
[debug] [2023-11-02T16:43:33.030Z] <<< [apiv2][body] GET https://firebase.googleapis.com/v1beta1/projects/retailup-91b28 {"projectId":"retailup-91b28","projectNumber":"30642582003","displayName":"retailup","name":"projects/retailup-91b28","resources":{"hostingSite":"retailup-91b28","realtimeDatabaseInstance":"retailup-91b28-default-rtdb","storageBucket":"retailup-91b28.appspot.com","locationId":"asia-south1"},"state":"ACTIVE","etag":"1_c02699be-1b75-4258-9d02-3ee41346ff33"}
[info] 
[info] === Deploying to 'retailup-91b28'...
[info] 
[info] i  deploying functions, hosting 
[debug] [2023-11-02T16:43:33.043Z] >>> [apiv2][query] GET https://firebase.googleapis.com/v1beta1/projects/retailup-91b28 [none]
[debug] [2023-11-02T16:43:33.524Z] <<< [apiv2][status] GET https://firebase.googleapis.com/v1beta1/projects/retailup-91b28 200
[debug] [2023-11-02T16:43:33.524Z] <<< [apiv2][body] GET https://firebase.googleapis.com/v1beta1/projects/retailup-91b28 {"projectId":"retailup-91b28","projectNumber":"30642582003","displayName":"retailup","name":"projects/retailup-91b28","resources":{"hostingSite":"retailup-91b28","realtimeDatabaseInstance":"retailup-91b28-default-rtdb","storageBucket":"retailup-91b28.appspot.com","locationId":"asia-south1"},"state":"ACTIVE","etag":"1_c02699be-1b75-4258-9d02-3ee41346ff33"}
[info] i  functions: preparing codebase default for deployment 
[info] i  functions: ensuring required API cloudfunctions.googleapis.com is enabled... 
[info] i  functions: ensuring required API cloudbuild.googleapis.com is enabled... 
[info] i  artifactregistry: ensuring required API artifactregistry.googleapis.com is enabled... 
[debug] [2023-11-02T16:43:33.532Z] >>> [apiv2][query] GET https://serviceusage.googleapis.com/v1/projects/retailup-91b28/services/cloudfunctions.googleapis.com [none]
[debug] [2023-11-02T16:43:33.532Z] >>> [apiv2][(partial)header] GET https://serviceusage.googleapis.com/v1/projects/retailup-91b28/services/cloudfunctions.googleapis.com x-goog-quota-user=projects/retailup-91b28
[debug] [2023-11-02T16:43:33.535Z] >>> [apiv2][query] GET https://serviceusage.googleapis.com/v1/projects/retailup-91b28/services/runtimeconfig.googleapis.com [none]
[debug] [2023-11-02T16:43:33.535Z] >>> [apiv2][(partial)header] GET https://serviceusage.googleapis.com/v1/projects/retailup-91b28/services/runtimeconfig.googleapis.com x-goog-quota-user=projects/retailup-91b28
[debug] [2023-11-02T16:43:33.537Z] >>> [apiv2][query] GET https://serviceusage.googleapis.com/v1/projects/retailup-91b28/services/cloudbuild.googleapis.com [none]
[debug] [2023-11-02T16:43:33.537Z] >>> [apiv2][(partial)header] GET https://serviceusage.googleapis.com/v1/projects/retailup-91b28/services/cloudbuild.googleapis.com x-goog-quota-user=projects/retailup-91b28
[debug] [2023-11-02T16:43:33.540Z] >>> [apiv2][query] GET https://serviceusage.googleapis.com/v1/projects/retailup-91b28/services/artifactregistry.googleapis.com [none]
[debug] [2023-11-02T16:43:33.540Z] >>> [apiv2][(partial)header] GET https://serviceusage.googleapis.com/v1/projects/retailup-91b28/services/artifactregistry.googleapis.com x-goog-quota-user=projects/retailup-91b28
[debug] [2023-11-02T16:43:35.605Z] <<< [apiv2][status] GET https://serviceusage.googleapis.com/v1/projects/retailup-91b28/services/cloudfunctions.googleapis.com 200
[debug] [2023-11-02T16:43:35.605Z] <<< [apiv2][body] GET https://serviceusage.googleapis.com/v1/projects/retailup-91b28/services/cloudfunctions.googleapis.com [omitted]
[info] +  functions: required API cloudfunctions.googleapis.com is enabled 
[debug] [2023-11-02T16:43:35.681Z] <<< [apiv2][status] GET https://serviceusage.googleapis.com/v1/projects/retailup-91b28/services/cloudbuild.googleapis.com 200
[debug] [2023-11-02T16:43:35.681Z] <<< [apiv2][body] GET https://serviceusage.googleapis.com/v1/projects/retailup-91b28/services/cloudbuild.googleapis.com [omitted]
[info] +  functions: required API cloudbuild.googleapis.com is enabled 
[debug] [2023-11-02T16:43:35.693Z] <<< [apiv2][status] GET https://serviceusage.googleapis.com/v1/projects/retailup-91b28/services/runtimeconfig.googleapis.com 200
[debug] [2023-11-02T16:43:35.693Z] <<< [apiv2][body] GET https://serviceusage.googleapis.com/v1/projects/retailup-91b28/services/runtimeconfig.googleapis.com [omitted]
[debug] [2023-11-02T16:43:35.722Z] <<< [apiv2][status] GET https://serviceusage.googleapis.com/v1/projects/retailup-91b28/services/artifactregistry.googleapis.com 200
[debug] [2023-11-02T16:43:35.723Z] <<< [apiv2][body] GET https://serviceusage.googleapis.com/v1/projects/retailup-91b28/services/artifactregistry.googleapis.com [omitted]
[info] +  artifactregistry: required API artifactregistry.googleapis.com is enabled 
[debug] [2023-11-02T16:43:35.724Z] >>> [apiv2][query] GET https://firebase.googleapis.com/v1beta1/projects/retailup-91b28/adminSdkConfig [none]
[debug] [2023-11-02T16:43:36.588Z] <<< [apiv2][status] GET https://firebase.googleapis.com/v1beta1/projects/retailup-91b28/adminSdkConfig 200
[debug] [2023-11-02T16:43:36.588Z] <<< [apiv2][body] GET https://firebase.googleapis.com/v1beta1/projects/retailup-91b28/adminSdkConfig {"projectId":"retailup-91b28","databaseURL":"https://retailup-91b28-default-rtdb.asia-southeast1.firebasedatabase.app","storageBucket":"retailup-91b28.appspot.com","locationId":"asia-south1"}
[debug] [2023-11-02T16:43:36.589Z] >>> [apiv2][query] GET https://runtimeconfig.googleapis.com/v1beta1/projects/retailup-91b28/configs [none]
[debug] [2023-11-02T16:43:38.198Z] <<< [apiv2][status] GET https://runtimeconfig.googleapis.com/v1beta1/projects/retailup-91b28/configs 200
[debug] [2023-11-02T16:43:38.199Z] <<< [apiv2][body] GET https://runtimeconfig.googleapis.com/v1beta1/projects/retailup-91b28/configs {}
[debug] [2023-11-02T16:43:38.201Z] Validating nodejs source
[warn] !  functions: package.json indicates an outdated version of firebase-functions. Please upgrade using npm install --save firebase-functions@latest in your functions directory. 
[warn] !  functions: Please note that there will be breaking changes when you upgrade. 
[debug] [2023-11-02T16:43:41.758Z] > [functions] package.json contents: {
  "name": "functions",
  "description": "Cloud Functions for Firebase Quick Meet",
  "scripts": {
    "serve": "firebase emulators:start",
    "shell": "firebase functions:shell",
    "start": "npm run shell",
    "deploy": "firebase deploy",
    "logs": "firebase functions:log"
  },
  "engines": {
    "node": "16"
  },
  "main": "index.js",
  "dependencies": {
    "busboy": "^0.3.0",
    "cors": "^2.8.5",
    "express": "^4.16.4",
    "firebase": "^7.13.1",
    "firebase-admin": "10.2.0",
    "firebase-functions": "3.21.2",
    "uuidv4": "6.2.13",
    "ngeohash": "0.6.3",
    "algoliasearch": "4.13.1",
    "axios": "1.6.0"
  },
  "devDependencies": {
    "firebase-functions-test": "^0.2.0"
  },
  "private": true
}
[debug] [2023-11-02T16:43:41.759Z] Building nodejs source
[info] i  functions: Loading and analyzing source code for codebase default to determine what to deploy 
[debug] [2023-11-02T16:43:41.763Z] Could not find functions.yaml. Must use http discovery
[debug] [2023-11-02T16:43:41.782Z] Found firebase-functions binary at 'C:\Users\USER\Desktop\api-quickmeet-2\functions\node_modules\.bin\firebase-functions'
[info] Serving at port 8632

[debug] [2023-11-02T16:43:43.617Z] Got response from /__/functions.yaml {"endpoints":{"api":{"platform":"gcfv1","region":["asia-south1"],"httpsTrigger":{},"entryPoint":"api"}},"specVersion":"v1alpha1","requiredAPIs":[]}
[info] shutdown requested via /__/quitquitquit

[info] i  functions: preparing functions directory for uploading... 
[info] i  functions: packaged C:\Users\USER\Desktop\api-quickmeet-2\functions (46.82 KB) for uploading 
[debug] [2023-11-02T16:43:43.764Z] >>> [apiv2][query] GET https://cloudfunctions.googleapis.com/v1/projects/retailup-91b28/locations/-/functions [none]
[debug] [2023-11-02T16:43:44.553Z] <<< [apiv2][status] GET https://cloudfunctions.googleapis.com/v1/projects/retailup-91b28/locations/-/functions 200
[debug] [2023-11-02T16:43:44.553Z] <<< [apiv2][body] GET https://cloudfunctions.googleapis.com/v1/projects/retailup-91b28/locations/-/functions {"functions":[{"name":"projects/retailup-91b28/locations/asia-south1/functions/api","httpsTrigger":{"url":"https://asia-south1-retailup-91b28.cloudfunctions.net/api","securityLevel":"SECURE_ALWAYS"},"status":"ACTIVE","entryPoint":"api","timeout":"120s","availableMemoryMb":256,"serviceAccountEmail":"retailup-91b28@appspot.gserviceaccount.com","updateTime":"2023-10-29T14:44:19.606Z","versionId":"66","labels":{"deployment-tool":"cli-firebase"},"sourceUploadUrl":"https://storage.googleapis.com/uploads-207993954006.asia-south1.cloudfunctions.appspot.com/cffb4662-936c-40b3-856c-6b2094269168.zip","environmentVariables":{"FIREBASE_CONFIG":"{\"projectId\":\"retailup-91b28\",\"storageBucket\":\"retailup-91b28.appspot.com\",\"locationId\":\"asia-south1\"}","GCLOUD_PROJECT":"retailup-91b28"},"runtime":"nodejs16","ingressSettings":"ALLOW_ALL","buildId":"eeeefe04-2df5-43e5-9c4c-6e272fd3a2ba","buildName":"projects/30642582003/locations/asia-south1/builds/eeeefe04-2df5-43e5-9c4c-6e272fd3a2ba","dockerRegistry":"CONTAINER_REGISTRY"},{"name":"projects/retailup-91b28/locations/asia-south1/functions/api-quickmeet","httpsTrigger":{"url":"https://asia-south1-retailup-91b28.cloudfunctions.net/api-quickmeet","securityLevel":"SECURE_ALWAYS"},"status":"OFFLINE","entryPoint":"api","timeout":"120s","availableMemoryMb":256,"serviceAccountEmail":"retailup-91b28@appspot.gserviceaccount.com","updateTime":"2023-10-29T17:02:35.160Z","versionId":"6","labels":{"deployment-tool":"console-cloud"},"sourceUploadUrl":"https://storage.googleapis.com/uploads-207993954006.asia-south1.cloudfunctions.appspot.com/a66d7916-d64a-49db-b1cc-c3e49f93296d.zip","environmentVariables":{"FIREBASE_CONFIG":"{\"projectId\":\"retailup-91b28\",\"storageBucket\":\"retailup-91b28.appspot.com\",\"locationId\":\"asia-south1\"}","GCLOUD_PROJECT":"retailup-91b28"},"runtime":"nodejs16","maxInstances":32,"ingressSettings":"ALLOW_ALL","buildId":"14efa6f5-c6f0-4c00-9c0b-3c599e3ab78b","buildName":"projects/30642582003/locations/asia-south1/builds/14efa6f5-c6f0-4c00-9c0b-3c599e3ab78b","dockerRegistry":"CONTAINER_REGISTRY"},{"name":"projects/retailup-91b28/locations/asia-south1/functions/createNotificationOnComment","eventTrigger":{"eventType":"providers/cloud.firestore/eventTypes/document.create","resource":"projects/retailup-91b28/databases/(default)/documents/comments/{id}","service":"firestore.googleapis.com","failurePolicy":{}},"status":"ACTIVE","entryPoint":"createNotificationOnComment","timeout":"60s","availableMemoryMb":256,"serviceAccountEmail":"retailup-91b28@appspot.gserviceaccount.com","updateTime":"2022-09-10T10:17:44.038Z","versionId":"58","labels":{"deployment-tool":"cli-firebase"},"sourceUploadUrl":"https://storage.googleapis.com/uploads-207993954006.asia-south1.cloudfunctions.appspot.com/5c3ebab5-a8b3-40a4-b9c8-df7e5f883dab.zip","environmentVariables":{"FIREBASE_CONFIG":"{\"projectId\":\"retailup-91b28\",\"storageBucket\":\"retailup-91b28.appspot.com\",\"locationId\":\"asia-south1\"}","GCLOUD_PROJECT":"retailup-91b28"},"runtime":"nodejs16","maxInstances":3000,"ingressSettings":"ALLOW_ALL","buildId":"d36858fa-da31-4498-b4b7-028dfb78996a","buildName":"projects/30642582003/locations/asia-south1/builds/d36858fa-da31-4498-b4b7-028dfb78996a","dockerRegistry":"CONTAINER_REGISTRY"},{"name":"projects/retailup-91b28/locations/asia-south1/functions/createNotificationOnLike","eventTrigger":{"eventType":"providers/cloud.firestore/eventTypes/document.create","resource":"projects/retailup-91b28/databases/(default)/documents/likes/{id}","service":"firestore.googleapis.com","failurePolicy":{}},"status":"ACTIVE","entryPoint":"createNotificationOnLike","timeout":"60s","availableMemoryMb":256,"serviceAccountEmail":"retailup-91b28@appspot.gserviceaccount.com","updateTime":"2022-09-10T10:18:00.020Z","versionId":"58","labels":{"deployment-tool":"cli-firebase"},"sourceUploadUrl":"https://storage.googleapis.com/uploads-207993954006.asia-south1.cloudfunctions.appspot.com/5c3ebab5-a8b3-40a4-b9c8-df7e5f883dab.zip","environmentVariables":{"FIREBASE_CONFIG":"{\"projectId\":\"retailup-91b28\",\"storageBucket\":\"retailup-91b28.appspot.com\",\"locationId\":\"asia-south1\"}","GCLOUD_PROJECT":"retailup-91b28"},"runtime":"nodejs16","maxInstances":3000,"ingressSettings":"ALLOW_ALL","buildId":"d36858fa-da31-4498-b4b7-028dfb78996a","buildName":"projects/30642582003/locations/asia-south1/builds/d36858fa-da31-4498-b4b7-028dfb78996a","dockerRegistry":"CONTAINER_REGISTRY"},{"name":"projects/retailup-91b28/locations/asia-south1/functions/createNotificationOnNewConnection","eventTrigger":{"eventType":"providers/cloud.firestore/eventTypes/document.create","resource":"projects/retailup-91b28/databases/(default)/documents/followers/{id}","service":"firestore.googleapis.com","failurePolicy":{}},"status":"ACTIVE","entryPoint":"createNotificationOnNewConnection","timeout":"60s","availableMemoryMb":256,"serviceAccountEmail":"retailup-91b28@appspot.gserviceaccount.com","updateTime":"2022-09-10T10:17:34.785Z","versionId":"5","labels":{"deployment-tool":"cli-firebase"},"sourceUploadUrl":"https://storage.googleapis.com/uploads-207993954006.asia-south1.cloudfunctions.appspot.com/5c3ebab5-a8b3-40a4-b9c8-df7e5f883dab.zip","environmentVariables":{"FIREBASE_CONFIG":"{\"projectId\":\"retailup-91b28\",\"storageBucket\":\"retailup-91b28.appspot.com\",\"locationId\":\"asia-south1\"}","GCLOUD_PROJECT":"retailup-91b28"},"runtime":"nodejs16","maxInstances":3000,"ingressSettings":"ALLOW_ALL","buildId":"d36858fa-da31-4498-b4b7-028dfb78996a","buildName":"projects/30642582003/locations/asia-south1/builds/d36858fa-da31-4498-b4b7-028dfb78996a","dockerRegistry":"CONTAINER_REGISTRY"},{"name":"projects/retailup-91b28/locations/asia-south1/functions/createNotificationOnNewUser","eventTrigger":{"eventType":"providers/cloud.firestore/eventTypes/document.create","resource":"projects/retailup-91b28/databases/(default)/documents/users/{id}","service":"firestore.googleapis.com","failurePolicy":{}},"status":"ACTIVE","entryPoint":"createNotificationOnNewUser","timeout":"60s","availableMemoryMb":256,"serviceAccountEmail":"retailup-91b28@appspot.gserviceaccount.com","updateTime":"2022-09-10T10:17:45.413Z","versionId":"5","labels":{"deployment-tool":"cli-firebase"},"sourceUploadUrl":"https://storage.googleapis.com/uploads-207993954006.asia-south1.cloudfunctions.appspot.com/5c3ebab5-a8b3-40a4-b9c8-df7e5f883dab.zip","environmentVariables":{"FIREBASE_CONFIG":"{\"projectId\":\"retailup-91b28\",\"storageBucket\":\"retailup-91b28.appspot.com\",\"locationId\":\"asia-south1\"}","GCLOUD_PROJECT":"retailup-91b28"},"runtime":"nodejs16","maxInstances":3000,"ingressSettings":"ALLOW_ALL","buildId":"d36858fa-da31-4498-b4b7-028dfb78996a","buildName":"projects/30642582003/locations/asia-south1/builds/d36858fa-da31-4498-b4b7-028dfb78996a","dockerRegistry":"CONTAINER_REGISTRY"},{"name":"projects/retailup-91b28/locations/asia-south1/functions/deleteNotificationOnUnLike","eventTrigger":{"eventType":"providers/cloud.firestore/eventTypes/document.delete","resource":"projects/retailup-91b28/databases/(default)/documents/likes/{id}","service":"firestore.googleapis.com","failurePolicy":{}},"status":"ACTIVE","entryPoint":"deleteNotificationOnUnLike","timeout":"60s","availableMemoryMb":256,"serviceAccountEmail":"retailup-91b28@appspot.gserviceaccount.com","updateTime":"2022-09-10T10:17:50.613Z","versionId":"58","labels":{"deployment-tool":"cli-firebase"},"sourceUploadUrl":"https://storage.googleapis.com/uploads-207993954006.asia-south1.cloudfunctions.appspot.com/5c3ebab5-a8b3-40a4-b9c8-df7e5f883dab.zip","environmentVariables":{"FIREBASE_CONFIG":"{\"projectId\":\"retailup-91b28\",\"storageBucket\":\"retailup-91b28.appspot.com\",\"locationId\":\"asia-south1\"}","GCLOUD_PROJECT":"retailup-91b28"},"runtime":"nodejs16","maxInstances":3000,"ingressSettings":"ALLOW_ALL","buildId":"d36858fa-da31-4498-b4b7-028dfb78996a","buildName":"projects/30642582003/locations/asia-south1/builds/d36858fa-da31-4498-b4b7-028dfb78996a","dockerRegistry":"CONTAINER_REGISTRY"},{"name":"projects/retailup-91b28/locations/asia-south1/functions/onProductCreateWriteInAlgolia","eventTrigger":{"eventType":"providers/cloud.firestore/eventTypes/document.create","resource":"projects/retailup-91b28/databases/(default)/documents/products/{id}","service":"firestore.googleapis.com","failurePolicy":{}},"status":"ACTIVE","entryPoint":"onProductCreateWriteInAlgolia","timeout":"60s","availableMemoryMb":256,"serviceAccountEmail":"retailup-91b28@appspot.gserviceaccount.com","updateTime":"2022-09-10T10:17:58.069Z","versionId":"41","labels":{"deployment-tool":"cli-firebase"},"sourceUploadUrl":"https://storage.googleapis.com/uploads-207993954006.asia-south1.cloudfunctions.appspot.com/5c3ebab5-a8b3-40a4-b9c8-df7e5f883dab.zip","environmentVariables":{"FIREBASE_CONFIG":"{\"projectId\":\"retailup-91b28\",\"storageBucket\":\"retailup-91b28.appspot.com\",\"locationId\":\"asia-south1\"}","GCLOUD_PROJECT":"retailup-91b28"},"runtime":"nodejs16","maxInstances":3000,"ingressSettings":"ALLOW_ALL","buildId":"d36858fa-da31-4498-b4b7-028dfb78996a","buildName":"projects/30642582003/locations/asia-south1/builds/d36858fa-da31-4498-b4b7-028dfb78996a","dockerRegistry":"CONTAINER_REGISTRY"},{"name":"projects/retailup-91b28/locations/asia-south1/functions/onProductDeleteWriteInAlgolia","eventTrigger":{"eventType":"providers/cloud.firestore/eventTypes/document.delete","resource":"projects/retailup-91b28/databases/(default)/documents/products/{id}","service":"firestore.googleapis.com","failurePolicy":{}},"status":"ACTIVE","entryPoint":"onProductDeleteWriteInAlgolia","timeout":"60s","availableMemoryMb":256,"serviceAccountEmail":"retailup-91b28@appspot.gserviceaccount.com","updateTime":"2022-09-10T10:18:02.347Z","versionId":"42","labels":{"deployment-tool":"cli-firebase"},"sourceUploadUrl":"https://storage.googleapis.com/uploads-207993954006.asia-south1.cloudfunctions.appspot.com/5c3ebab5-a8b3-40a4-b9c8-df7e5f883dab.zip","environmentVariables":{"FIREBASE_CONFIG":"{\"projectId\":\"retailup-91b28\",\"storageBucket\":\"retailup-91b28.appspot.com\",\"locationId\":\"asia-south1\"}","GCLOUD_PROJECT":"retailup-91b28"},"runtime":"nodejs16","maxInstances":3000,"ingressSettings":"ALLOW_ALL","buildId":"d36858fa-da31-4498-b4b7-028dfb78996a","buildName":"projects/30642582003/locations/asia-south1/builds/d36858fa-da31-4498-b4b7-028dfb78996a","dockerRegistry":"CONTAINER_REGISTRY"},{"name":"projects/retailup-91b28/locations/asia-south1/functions/onProductUpdateWriteInAlgolia","eventTrigger":{"eventType":"providers/cloud.firestore/eventTypes/document.update","resource":"projects/retailup-91b28/databases/(default)/documents/products/{id}","service":"firestore.googleapis.com","failurePolicy":{}},"status":"ACTIVE","entryPoint":"onProductUpdateWriteInAlgolia","timeout":"60s","availableMemoryMb":256,"serviceAccountEmail":"retailup-91b28@appspot.gserviceaccount.com","updateTime":"2022-09-10T10:17:45.605Z","versionId":"42","labels":{"deployment-tool":"cli-firebase"},"sourceUploadUrl":"https://storage.googleapis.com/uploads-207993954006.asia-south1.cloudfunctions.appspot.com/5c3ebab5-a8b3-40a4-b9c8-df7e5f883dab.zip","environmentVariables":{"FIREBASE_CONFIG":"{\"projectId\":\"retailup-91b28\",\"storageBucket\":\"retailup-91b28.appspot.com\",\"locationId\":\"asia-south1\"}","GCLOUD_PROJECT":"retailup-91b28"},"runtime":"nodejs16","maxInstances":3000,"ingressSettings":"ALLOW_ALL","buildId":"d36858fa-da31-4498-b4b7-028dfb78996a","buildName":"projects/30642582003/locations/asia-south1/builds/d36858fa-da31-4498-b4b7-028dfb78996a","dockerRegistry":"CONTAINER_REGISTRY"},{"name":"projects/retailup-91b28/locations/asia-south1/functions/onScreamDelete","eventTrigger":{"eventType":"providers/cloud.firestore/eventTypes/document.delete","resource":"projects/retailup-91b28/databases/(default)/documents/screams/{screamId}","service":"firestore.googleapis.com","failurePolicy":{}},"status":"ACTIVE","entryPoint":"onScreamDelete","timeout":"60s","availableMemoryMb":256,"serviceAccountEmail":"retailup-91b28@appspot.gserviceaccount.com","updateTime":"2022-09-10T10:18:15.966Z","versionId":"58","labels":{"deployment-tool":"cli-firebase"},"sourceUploadUrl":"https://storage.googleapis.com/uploads-207993954006.asia-south1.cloudfunctions.appspot.com/5c3ebab5-a8b3-40a4-b9c8-df7e5f883dab.zip","environmentVariables":{"FIREBASE_CONFIG":"{\"projectId\":\"retailup-91b28\",\"storageBucket\":\"retailup-91b28.appspot.com\",\"locationId\":\"asia-south1\"}","GCLOUD_PROJECT":"retailup-91b28"},"runtime":"nodejs16","maxInstances":3000,"ingressSettings":"ALLOW_ALL","buildId":"d36858fa-da31-4498-b4b7-028dfb78996a","buildName":"projects/30642582003/locations/asia-south1/builds/d36858fa-da31-4498-b4b7-028dfb78996a","dockerRegistry":"CONTAINER_REGISTRY"},{"name":"projects/retailup-91b28/locations/asia-south1/functions/onUserCreateWriteInAlgolia","eventTrigger":{"eventType":"providers/cloud.firestore/eventTypes/document.create","resource":"projects/retailup-91b28/databases/(default)/documents/users/{uid}","service":"firestore.googleapis.com","failurePolicy":{}},"status":"ACTIVE","entryPoint":"onUserCreateWriteInAlgolia","timeout":"60s","availableMemoryMb":256,"serviceAccountEmail":"retailup-91b28@appspot.gserviceaccount.com","updateTime":"2022-09-10T10:17:35.479Z","versionId":"41","labels":{"deployment-tool":"cli-firebase"},"sourceUploadUrl":"https://storage.googleapis.com/uploads-207993954006.asia-south1.cloudfunctions.appspot.com/5c3ebab5-a8b3-40a4-b9c8-df7e5f883dab.zip","environmentVariables":{"FIREBASE_CONFIG":"{\"projectId\":\"retailup-91b28\",\"storageBucket\":\"retailup-91b28.appspot.com\",\"locationId\":\"asia-south1\"}","GCLOUD_PROJECT":"retailup-91b28"},"runtime":"nodejs16","maxInstances":3000,"ingressSettings":"ALLOW_ALL","buildId":"d36858fa-da31-4498-b4b7-028dfb78996a","buildName":"projects/30642582003/locations/asia-south1/builds/d36858fa-da31-4498-b4b7-028dfb78996a","dockerRegistry":"CONTAINER_REGISTRY"},{"name":"projects/retailup-91b28/locations/asia-south1/functions/onUserDeleteWriteInAlgolia","eventTrigger":{"eventType":"providers/cloud.firestore/eventTypes/document.delete","resource":"projects/retailup-91b28/databases/(default)/documents/users/{uid}","service":"firestore.googleapis.com","failurePolicy":{}},"status":"ACTIVE","entryPoint":"onUserDeleteWriteInAlgolia","timeout":"60s","availableMemoryMb":256,"serviceAccountEmail":"retailup-91b28@appspot.gserviceaccount.com","updateTime":"2022-09-10T10:17:53.643Z","versionId":"42","labels":{"deployment-tool":"cli-firebase"},"sourceUploadUrl":"https://storage.googleapis.com/uploads-207993954006.asia-south1.cloudfunctions.appspot.com/5c3ebab5-a8b3-40a4-b9c8-df7e5f883dab.zip","environmentVariables":{"FIREBASE_CONFIG":"{\"projectId\":\"retailup-91b28\",\"storageBucket\":\"retailup-91b28.appspot.com\",\"locationId\":\"asia-south1\"}","GCLOUD_PROJECT":"retailup-91b28"},"runtime":"nodejs16","maxInstances":3000,"ingressSettings":"ALLOW_ALL","buildId":"d36858fa-da31-4498-b4b7-028dfb78996a","buildName":"projects/30642582003/locations/asia-south1/builds/d36858fa-da31-4498-b4b7-028dfb78996a","dockerRegistry":"CONTAINER_REGISTRY"},{"name":"projects/retailup-91b28/locations/asia-south1/functions/onUserImageChange","eventTrigger":{"eventType":"providers/cloud.firestore/eventTypes/document.update","resource":"projects/retailup-91b28/databases/(default)/documents/users/{userId}","service":"firestore.googleapis.com","failurePolicy":{}},"status":"ACTIVE","entryPoint":"onUserImageChange","timeout":"60s","availableMemoryMb":256,"serviceAccountEmail":"retailup-91b28@appspot.gserviceaccount.com","updateTime":"2022-09-10T10:17:31.131Z","versionId":"58","labels":{"deployment-tool":"cli-firebase"},"sourceUploadUrl":"https://storage.googleapis.com/uploads-207993954006.asia-south1.cloudfunctions.appspot.com/5c3ebab5-a8b3-40a4-b9c8-df7e5f883dab.zip","environmentVariables":{"FIREBASE_CONFIG":"{\"projectId\":\"retailup-91b28\",\"storageBucket\":\"retailup-91b28.appspot.com\",\"locationId\":\"asia-south1\"}","GCLOUD_PROJECT":"retailup-91b28"},"runtime":"nodejs16","maxInstances":3000,"ingressSettings":"ALLOW_ALL","buildId":"d36858fa-da31-4498-b4b7-028dfb78996a","buildName":"projects/30642582003/locations/asia-south1/builds/d36858fa-da31-4498-b4b7-028dfb78996a","dockerRegistry":"CONTAINER_REGISTRY"},{"name":"projects/retailup-91b28/locations/asia-south1/functions/onUserUpdateWriteInAlgolia","eventTrigger":{"eventType":"providers/cloud.firestore/eventTypes/document.update","resource":"projects/retailup-91b28/databases/(default)/documents/users/{uid}","service":"firestore.googleapis.com","failurePolicy":{}},"status":"ACTIVE","entryPoint":"onUserUpdateWriteInAlgolia","timeout":"60s","availableMemoryMb":256,"serviceAccountEmail":"retailup-91b28@appspot.gserviceaccount.com","updateTime":"2022-09-10T10:17:45.928Z","versionId":"42","labels":{"deployment-tool":"cli-firebase"},"sourceUploadUrl":"https://storage.googleapis.com/uploads-207993954006.asia-south1.cloudfunctions.appspot.com/5c3ebab5-a8b3-40a4-b9c8-df7e5f883dab.zip","environmentVariables":{"FIREBASE_CONFIG":"{\"projectId\":\"retailup-91b28\",\"storageBucket\":\"retailup-91b28.appspot.com\",\"locationId\":\"asia-south1\"}","GCLOUD_PROJECT":"retailup-91b28"},"runtime":"nodejs16","maxInstances":3000,"ingressSettings":"ALLOW_ALL","buildId":"d36858fa-da31-4498-b4b7-028dfb78996a","buildName":"projects/30642582003/locations/asia-south1/builds/d36858fa-da31-4498-b4b7-028dfb78996a","dockerRegistry":"CONTAINER_REGISTRY"}]}
[debug] [2023-11-02T16:43:44.559Z] >>> [apiv2][query] GET https://cloudfunctions.googleapis.com/v2/projects/retailup-91b28/locations/-/functions filter=environment%3D%22GEN_2%22
[debug] [2023-11-02T16:43:45.481Z] <<< [apiv2][status] GET https://cloudfunctions.googleapis.com/v2/projects/retailup-91b28/locations/-/functions 200
[debug] [2023-11-02T16:43:45.481Z] <<< [apiv2][body] GET https://cloudfunctions.googleapis.com/v2/projects/retailup-91b28/locations/-/functions {}
[debug] [2023-11-02T16:43:45.486Z] >>> [apiv2][query] GET https://firebase.googleapis.com/v1beta1/projects/retailup-91b28 [none]
[debug] [2023-11-02T16:43:46.172Z] <<< [apiv2][status] GET https://firebase.googleapis.com/v1beta1/projects/retailup-91b28 200
[debug] [2023-11-02T16:43:46.173Z] <<< [apiv2][body] GET https://firebase.googleapis.com/v1beta1/projects/retailup-91b28 {"projectId":"retailup-91b28","projectNumber":"30642582003","displayName":"retailup","name":"projects/retailup-91b28","resources":{"hostingSite":"retailup-91b28","realtimeDatabaseInstance":"retailup-91b28-default-rtdb","storageBucket":"retailup-91b28.appspot.com","locationId":"asia-south1"},"state":"ACTIVE","etag":"1_c02699be-1b75-4258-9d02-3ee41346ff33"}
[debug] [2023-11-02T16:43:46.179Z] >>> [apiv2][query] POST https://firebasehosting.googleapis.com/v1beta1/projects/-/sites/retailup-91b28/versions [none]
[debug] [2023-11-02T16:43:46.179Z] >>> [apiv2][body] POST https://firebasehosting.googleapis.com/v1beta1/projects/-/sites/retailup-91b28/versions {"status":"CREATED","labels":{"deployment-tool":"cli-firebase"}}
[debug] [2023-11-02T16:43:47.774Z] <<< [apiv2][status] POST https://firebasehosting.googleapis.com/v1beta1/projects/-/sites/retailup-91b28/versions 200
[debug] [2023-11-02T16:43:47.774Z] <<< [apiv2][body] POST https://firebasehosting.googleapis.com/v1beta1/projects/-/sites/retailup-91b28/versions {"name":"projects/30642582003/sites/retailup-91b28/versions/c9036005813cb7d3","status":"CREATED","config":{},"labels":{"deployment-tool":"cli-firebase"}}
[debug] [2023-11-02T16:43:47.776Z] >>> [apiv2][query] POST https://cloudfunctions.googleapis.com/v1/projects/retailup-91b28/locations/asia-south1/functions:generateUploadUrl [none]
[debug] [2023-11-02T16:43:47.776Z] >>> [apiv2][body] POST https://cloudfunctions.googleapis.com/v1/projects/retailup-91b28/locations/asia-south1/functions:generateUploadUrl {}
[debug] [2023-11-02T16:43:48.999Z] <<< [apiv2][status] POST https://cloudfunctions.googleapis.com/v1/projects/retailup-91b28/locations/asia-south1/functions:generateUploadUrl 200
[debug] [2023-11-02T16:43:48.999Z] <<< [apiv2][body] POST https://cloudfunctions.googleapis.com/v1/projects/retailup-91b28/locations/asia-south1/functions:generateUploadUrl {"uploadUrl":"https://storage.googleapis.com/uploads-207993954006.asia-south1.cloudfunctions.appspot.com/95da050a-6130-4c09-b36a-0964fc3f634d.zip?GoogleAccessId=service-30642582003@gcf-admin-robot.iam.gserviceaccount.com&Expires=1698945229&Signature=dBbhk4Hee50ToH4ZIMhI6278ZwaswAKZna2JzMAzTzUyvAky19xzVe8i4fQcTHpS%2FtqCJEQiJkcyWhW5smfrS60RWxJ4W0AmMBv4bBO8lsHGp7ceOrJIFmqK0zJ7arZ48WKWwSD7z2ia8EZ4r864Umg36B0Q0p989UchImr32%2B3PLkImI4Rh7jkppD%2BV8pl1caSJZo%2FeA%2FOo5R6HKSZl4IxnKHvn20aW9GMzCQ2qZWDGkKnIZiWDOplAdAZ2eg550I0KssO5uD57r%2FVw14gSF3fZ2aJ98VUgVlz3j%2BxEbo1slKFRHc0rivjaDZitYlaeDeXlSJr%2BsdUSxD1efJh4jg%3D%3D"}
[debug] [2023-11-02T16:43:49.001Z] >>> [apiv2][query] PUT https://storage.googleapis.com/uploads-207993954006.asia-south1.cloudfunctions.appspot.com/95da050a-6130-4c09-b36a-0964fc3f634d.zip GoogleAccessId=service-30642582003%40gcf-admin-robot.iam.gserviceaccount.com&Expires=1698945229&Signature=dBbhk4Hee50ToH4ZIMhI6278ZwaswAKZna2JzMAzTzUyvAky19xzVe8i4fQcTHpS%2FtqCJEQiJkcyWhW5smfrS60RWxJ4W0AmMBv4bBO8lsHGp7ceOrJIFmqK0zJ7arZ48WKWwSD7z2ia8EZ4r864Umg36B0Q0p989UchImr32%2B3PLkImI4Rh7jkppD%2BV8pl1caSJZo%2FeA%2FOo5R6HKSZl4IxnKHvn20aW9GMzCQ2qZWDGkKnIZiWDOplAdAZ2eg550I0KssO5uD57r%2FVw14gSF3fZ2aJ98VUgVlz3j%2BxEbo1slKFRHc0rivjaDZitYlaeDeXlSJr%2BsdUSxD1efJh4jg%3D%3D
[debug] [2023-11-02T16:43:49.001Z] >>> [apiv2][body] PUT https://storage.googleapis.com/uploads-207993954006.asia-south1.cloudfunctions.appspot.com/95da050a-6130-4c09-b36a-0964fc3f634d.zip [stream]
[debug] [2023-11-02T16:43:49.311Z] <<< [apiv2][status] PUT https://storage.googleapis.com/uploads-207993954006.asia-south1.cloudfunctions.appspot.com/95da050a-6130-4c09-b36a-0964fc3f634d.zip 200
[debug] [2023-11-02T16:43:49.311Z] <<< [apiv2][body] PUT https://storage.googleapis.com/uploads-207993954006.asia-south1.cloudfunctions.appspot.com/95da050a-6130-4c09-b36a-0964fc3f634d.zip [omitted]
[info] +  functions: functions folder uploaded successfully 
[info] i  hosting[retailup-91b28]: beginning deploy... 
[info] i  hosting[retailup-91b28]: found 1 files in public 
[debug] [2023-11-02T16:43:49.326Z] [hosting] uploading with 200 concurrency
[debug] [2023-11-02T16:43:49.336Z] [hosting] hash cache [cHVibGlj] stored for 1 files
[debug] [2023-11-02T16:43:49.337Z] [hosting][hash queue][FINAL] {"max":1,"min":1,"avg":1,"active":0,"complete":1,"success":1,"errored":0,"retried":0,"total":1,"elapsed":6}
[debug] [2023-11-02T16:43:49.338Z] >>> [apiv2][query] POST https://firebasehosting.googleapis.com/v1beta1/projects/30642582003/sites/retailup-91b28/versions/c9036005813cb7d3:populateFiles [none]
[debug] [2023-11-02T16:43:49.339Z] >>> [apiv2][body] POST https://firebasehosting.googleapis.com/v1beta1/projects/30642582003/sites/retailup-91b28/versions/c9036005813cb7d3:populateFiles {"files":{"/index.html":"cde5528559936d1ea34bc652624464fae106f40a0ee784f67454d769c7976fd3"}}
[debug] [2023-11-02T16:43:50.494Z] <<< [apiv2][status] POST https://firebasehosting.googleapis.com/v1beta1/projects/30642582003/sites/retailup-91b28/versions/c9036005813cb7d3:populateFiles 200
[debug] [2023-11-02T16:43:50.494Z] <<< [apiv2][body] POST https://firebasehosting.googleapis.com/v1beta1/projects/30642582003/sites/retailup-91b28/versions/c9036005813cb7d3:populateFiles {"uploadUrl":"https://upload-firebasehosting.googleapis.com/upload/sites/retailup-91b28/versions/c9036005813cb7d3/files"}
[debug] [2023-11-02T16:43:50.494Z] [hosting][populate queue][FINAL] {"max":1161,"min":1161,"avg":1161,"active":0,"complete":1,"success":1,"errored":0,"retried":0,"total":1,"elapsed":1161}
[debug] [2023-11-02T16:43:50.495Z] [hosting] uploads queued: 0
[debug] [2023-11-02T16:43:50.495Z] [hosting][upload queue][FINAL] {"max":0,"min":9999999999,"avg":0,"active":0,"complete":0,"success":0,"errored":0,"retried":0,"total":0,"elapsed":1698943430495}
[info] +  hosting[retailup-91b28]: file upload complete 
[debug] [2023-11-02T16:43:50.496Z] [hosting] deploy completed after 1179ms
[info] 
The following functions are found in your project but do not exist in your local source code:
	createNotificationOnComment(asia-south1)
	createNotificationOnLike(asia-south1)
	createNotificationOnNewConnection(asia-south1)
	createNotificationOnNewUser(asia-south1)
	deleteNotificationOnUnLike(asia-south1)
	onProductCreateWriteInAlgolia(asia-south1)
	onProductDeleteWriteInAlgolia(asia-south1)
	onProductUpdateWriteInAlgolia(asia-south1)
	onScreamDelete(asia-south1)
	onUserCreateWriteInAlgolia(asia-south1)
	onUserDeleteWriteInAlgolia(asia-south1)
	onUserImageChange(asia-south1)
	onUserUpdateWriteInAlgolia(asia-south1)

If you are renaming a function or changing its region, it is recommended that you create the new function first before deleting the old one to prevent event loss. For more info, visit https://firebase.google.com/docs/functions/manage-functions#modify

[info] i  functions: updating Node.js 16 (1st Gen) function api(asia-south1)... 
[debug] [2023-11-02T16:44:01.486Z] >>> [apiv2][query] PATCH https://cloudfunctions.googleapis.com/v1/projects/retailup-91b28/locations/asia-south1/functions/api updateMask=name%2CsourceUploadUrl%2CentryPoint%2Cruntime%2CdockerRegistry%2Clabels%2ChttpsTrigger.securityLevel%2CenvironmentVariables%2CavailableMemoryMb%2CsourceToken%2CbuildEnvironmentVariables
[debug] [2023-11-02T16:44:01.486Z] >>> [apiv2][body] PATCH https://cloudfunctions.googleapis.com/v1/projects/retailup-91b28/locations/asia-south1/functions/api {"name":"projects/retailup-91b28/locations/asia-south1/functions/api","sourceUploadUrl":"https://storage.googleapis.com/uploads-207993954006.asia-south1.cloudfunctions.appspot.com/95da050a-6130-4c09-b36a-0964fc3f634d.zip?GoogleAccessId=service-30642582003@gcf-admin-robot.iam.gserviceaccount.com&Expires=1698945229&Signature=dBbhk4Hee50ToH4ZIMhI6278ZwaswAKZna2JzMAzTzUyvAky19xzVe8i4fQcTHpS%2FtqCJEQiJkcyWhW5smfrS60RWxJ4W0AmMBv4bBO8lsHGp7ceOrJIFmqK0zJ7arZ48WKWwSD7z2ia8EZ4r864Umg36B0Q0p989UchImr32%2B3PLkImI4Rh7jkppD%2BV8pl1caSJZo%2FeA%2FOo5R6HKSZl4IxnKHvn20aW9GMzCQ2qZWDGkKnIZiWDOplAdAZ2eg550I0KssO5uD57r%2FVw14gSF3fZ2aJ98VUgVlz3j%2BxEbo1slKFRHc0rivjaDZitYlaeDeXlSJr%2BsdUSxD1efJh4jg%3D%3D","entryPoint":"api","runtime":"nodejs16","dockerRegistry":"ARTIFACT_REGISTRY","labels":{"deployment-tool":"cli-firebase","firebase-functions-hash":"44f00bd10dbc291a977c02be24dfe3f8f357c845"},"httpsTrigger":{"securityLevel":"SECURE_ALWAYS"},"environmentVariables":{"FIREBASE_CONFIG":"{\"projectId\":\"retailup-91b28\",\"databaseURL\":\"https://retailup-91b28-default-rtdb.asia-southeast1.firebasedatabase.app\",\"storageBucket\":\"retailup-91b28.appspot.com\",\"locationId\":\"asia-south1\"}","GCLOUD_PROJECT":"retailup-91b28","FIRESTORE_PREFER_REST":"true","EVENTARC_CLOUD_EVENT_SOURCE":"projects/retailup-91b28/locations/asia-south1/functions/api"},"availableMemoryMb":256,"buildEnvironmentVariables":{"GOOGLE_NODE_RUN_SCRIPTS":""}}
[debug] [2023-11-02T16:44:02.430Z] <<< [apiv2][status] PATCH https://cloudfunctions.googleapis.com/v1/projects/retailup-91b28/locations/asia-south1/functions/api 200
[debug] [2023-11-02T16:44:02.431Z] <<< [apiv2][body] PATCH https://cloudfunctions.googleapis.com/v1/projects/retailup-91b28/locations/asia-south1/functions/api {"name":"operations/cmV0YWlsdXAtOTFiMjgvYXNpYS1zb3V0aDEvYXBpL3dRdFVhXzdOamsw","metadata":{"@type":"type.googleapis.com/google.cloud.functions.v1.OperationMetadataV1","target":"projects/retailup-91b28/locations/asia-south1/functions/api","type":"UPDATE_FUNCTION","request":{"@type":"type.googleapis.com/google.cloud.functions.v1.CloudFunction","name":"projects/retailup-91b28/locations/asia-south1/functions/api","httpsTrigger":{"url":"https://asia-south1-retailup-91b28.cloudfunctions.net/api","securityLevel":"SECURE_ALWAYS"},"status":"ACTIVE","entryPoint":"api","timeout":"120s","availableMemoryMb":256,"serviceAccountEmail":"retailup-91b28@appspot.gserviceaccount.com","updateTime":"2023-10-29T14:44:19.606Z","versionId":"66","labels":{"deployment-tool":"cli-firebase","firebase-functions-hash":"44f00bd10dbc291a977c02be24dfe3f8f357c845"},"sourceUploadUrl":"https://storage.googleapis.com/uploads-207993954006.asia-south1.cloudfunctions.appspot.com/95da050a-6130-4c09-b36a-0964fc3f634d.zip?GoogleAccessId=service-30642582003@gcf-admin-robot.iam.gserviceaccount.com&Expires=1698945229&Signature=dBbhk4Hee50ToH4ZIMhI6278ZwaswAKZna2JzMAzTzUyvAky19xzVe8i4fQcTHpS%2FtqCJEQiJkcyWhW5smfrS60RWxJ4W0AmMBv4bBO8lsHGp7ceOrJIFmqK0zJ7arZ48WKWwSD7z2ia8EZ4r864Umg36B0Q0p989UchImr32%2B3PLkImI4Rh7jkppD%2BV8pl1caSJZo%2FeA%2FOo5R6HKSZl4IxnKHvn20aW9GMzCQ2qZWDGkKnIZiWDOplAdAZ2eg550I0KssO5uD57r%2FVw14gSF3fZ2aJ98VUgVlz3j%2BxEbo1slKFRHc0rivjaDZitYlaeDeXlSJr%2BsdUSxD1efJh4jg%3D%3D","environmentVariables":{"FIREBASE_CONFIG":"{\"projectId\":\"retailup-91b28\",\"databaseURL\":\"https://retailup-91b28-default-rtdb.asia-southeast1.firebasedatabase.app\",\"storageBucket\":\"retailup-91b28.appspot.com\",\"locationId\":\"asia-south1\"}","GCLOUD_PROJECT":"retailup-91b28","FIRESTORE_PREFER_REST":"true","EVENTARC_CLOUD_EVENT_SOURCE":"projects/retailup-91b28/locations/asia-south1/functions/api"},"runtime":"nodejs16","ingressSettings":"ALLOW_ALL","buildId":"eeeefe04-2df5-43e5-9c4c-6e272fd3a2ba","buildEnvironmentVariables":{"GOOGLE_NODE_RUN_SCRIPTS":""},"buildName":"projects/30642582003/locations/asia-south1/builds/eeeefe04-2df5-43e5-9c4c-6e272fd3a2ba","dockerRegistry":"ARTIFACT_REGISTRY"},"versionId":"67","updateTime":"2023-11-02T16:44:02Z"}}
[debug] [2023-11-02T16:44:02.432Z] >>> [apiv2][query] GET https://cloudfunctions.googleapis.com/v1/operations/cmV0YWlsdXAtOTFiMjgvYXNpYS1zb3V0aDEvYXBpL3dRdFVhXzdOamsw [none]
[debug] [2023-11-02T16:44:02.778Z] <<< [apiv2][status] GET https://cloudfunctions.googleapis.com/v1/operations/cmV0YWlsdXAtOTFiMjgvYXNpYS1zb3V0aDEvYXBpL3dRdFVhXzdOamsw 200
[debug] [2023-11-02T16:44:02.778Z] <<< [apiv2][body] GET https://cloudfunctions.googleapis.com/v1/operations/cmV0YWlsdXAtOTFiMjgvYXNpYS1zb3V0aDEvYXBpL3dRdFVhXzdOamsw {"name":"operations/cmV0YWlsdXAtOTFiMjgvYXNpYS1zb3V0aDEvYXBpL3dRdFVhXzdOamsw","metadata":{"@type":"type.googleapis.com/google.cloud.functions.v1.OperationMetadataV1","target":"projects/retailup-91b28/locations/asia-south1/functions/api","type":"UPDATE_FUNCTION","request":{"@type":"type.googleapis.com/google.cloud.functions.v1.CloudFunction","name":"projects/retailup-91b28/locations/asia-south1/functions/api","httpsTrigger":{"url":"https://asia-south1-retailup-91b28.cloudfunctions.net/api","securityLevel":"SECURE_ALWAYS"},"status":"ACTIVE","entryPoint":"api","timeout":"120s","availableMemoryMb":256,"serviceAccountEmail":"retailup-91b28@appspot.gserviceaccount.com","updateTime":"2023-10-29T14:44:19.606Z","versionId":"66","labels":{"deployment-tool":"cli-firebase","firebase-functions-hash":"44f00bd10dbc291a977c02be24dfe3f8f357c845"},"sourceUploadUrl":"https://storage.googleapis.com/uploads-207993954006.asia-south1.cloudfunctions.appspot.com/95da050a-6130-4c09-b36a-0964fc3f634d.zip?GoogleAccessId=service-30642582003@gcf-admin-robot.iam.gserviceaccount.com&Expires=1698945229&Signature=dBbhk4Hee50ToH4ZIMhI6278ZwaswAKZna2JzMAzTzUyvAky19xzVe8i4fQcTHpS%2FtqCJEQiJkcyWhW5smfrS60RWxJ4W0AmMBv4bBO8lsHGp7ceOrJIFmqK0zJ7arZ48WKWwSD7z2ia8EZ4r864Umg36B0Q0p989UchImr32%2B3PLkImI4Rh7jkppD%2BV8pl1caSJZo%2FeA%2FOo5R6HKSZl4IxnKHvn20aW9GMzCQ2qZWDGkKnIZiWDOplAdAZ2eg550I0KssO5uD57r%2FVw14gSF3fZ2aJ98VUgVlz3j%2BxEbo1slKFRHc0rivjaDZitYlaeDeXlSJr%2BsdUSxD1efJh4jg%3D%3D","environmentVariables":{"FIREBASE_CONFIG":"{\"projectId\":\"retailup-91b28\",\"databaseURL\":\"https://retailup-91b28-default-rtdb.asia-southeast1.firebasedatabase.app\",\"storageBucket\":\"retailup-91b28.appspot.com\",\"locationId\":\"asia-south1\"}","GCLOUD_PROJECT":"retailup-91b28","FIRESTORE_PREFER_REST":"true","EVENTARC_CLOUD_EVENT_SOURCE":"projects/retailup-91b28/locations/asia-south1/functions/api"},"runtime":"nodejs16","ingressSettings":"ALLOW_ALL","buildId":"eeeefe04-2df5-43e5-9c4c-6e272fd3a2ba","buildEnvironmentVariables":{"GOOGLE_NODE_RUN_SCRIPTS":""},"buildName":"projects/30642582003/locations/asia-south1/builds/eeeefe04-2df5-43e5-9c4c-6e272fd3a2ba","dockerRegistry":"ARTIFACT_REGISTRY"},"versionId":"67","updateTime":"2023-11-02T16:44:02Z"}}
[debug] [2023-11-02T16:44:03.282Z] [update-default-asia-south1-api] Retrying task index 0
[debug] [2023-11-02T16:44:03.282Z] >>> [apiv2][query] GET https://cloudfunctions.googleapis.com/v1/operations/cmV0YWlsdXAtOTFiMjgvYXNpYS1zb3V0aDEvYXBpL3dRdFVhXzdOamsw [none]
[debug] [2023-11-02T16:44:03.699Z] <<< [apiv2][status] GET https://cloudfunctions.googleapis.com/v1/operations/cmV0YWlsdXAtOTFiMjgvYXNpYS1zb3V0aDEvYXBpL3dRdFVhXzdOamsw 200
[debug] [2023-11-02T16:44:03.699Z] <<< [apiv2][body] GET https://cloudfunctions.googleapis.com/v1/operations/cmV0YWlsdXAtOTFiMjgvYXNpYS1zb3V0aDEvYXBpL3dRdFVhXzdOamsw {"name":"operations/cmV0YWlsdXAtOTFiMjgvYXNpYS1zb3V0aDEvYXBpL3dRdFVhXzdOamsw","metadata":{"@type":"type.googleapis.com/google.cloud.functions.v1.OperationMetadataV1","target":"projects/retailup-91b28/locations/asia-south1/functions/api","type":"UPDATE_FUNCTION","request":{"@type":"type.googleapis.com/google.cloud.functions.v1.CloudFunction","name":"projects/retailup-91b28/locations/asia-south1/functions/api","httpsTrigger":{"url":"https://asia-south1-retailup-91b28.cloudfunctions.net/api","securityLevel":"SECURE_ALWAYS"},"status":"ACTIVE","entryPoint":"api","timeout":"120s","availableMemoryMb":256,"serviceAccountEmail":"retailup-91b28@appspot.gserviceaccount.com","updateTime":"2023-10-29T14:44:19.606Z","versionId":"66","labels":{"deployment-tool":"cli-firebase","firebase-functions-hash":"44f00bd10dbc291a977c02be24dfe3f8f357c845"},"sourceUploadUrl":"https://storage.googleapis.com/uploads-207993954006.asia-south1.cloudfunctions.appspot.com/95da050a-6130-4c09-b36a-0964fc3f634d.zip?GoogleAccessId=service-30642582003@gcf-admin-robot.iam.gserviceaccount.com&Expires=1698945229&Signature=dBbhk4Hee50ToH4ZIMhI6278ZwaswAKZna2JzMAzTzUyvAky19xzVe8i4fQcTHpS%2FtqCJEQiJkcyWhW5smfrS60RWxJ4W0AmMBv4bBO8lsHGp7ceOrJIFmqK0zJ7arZ48WKWwSD7z2ia8EZ4r864Umg36B0Q0p989UchImr32%2B3PLkImI4Rh7jkppD%2BV8pl1caSJZo%2FeA%2FOo5R6HKSZl4IxnKHvn20aW9GMzCQ2qZWDGkKnIZiWDOplAdAZ2eg550I0KssO5uD57r%2FVw14gSF3fZ2aJ98VUgVlz3j%2BxEbo1slKFRHc0rivjaDZitYlaeDeXlSJr%2BsdUSxD1efJh4jg%3D%3D","environmentVariables":{"FIREBASE_CONFIG":"{\"projectId\":\"retailup-91b28\",\"databaseURL\":\"https://retailup-91b28-default-rtdb.asia-southeast1.firebasedatabase.app\",\"storageBucket\":\"retailup-91b28.appspot.com\",\"locationId\":\"asia-south1\"}","GCLOUD_PROJECT":"retailup-91b28","FIRESTORE_PREFER_REST":"true","EVENTARC_CLOUD_EVENT_SOURCE":"projects/retailup-91b28/locations/asia-south1/functions/api"},"runtime":"nodejs16","ingressSettings":"ALLOW_ALL","buildId":"eeeefe04-2df5-43e5-9c4c-6e272fd3a2ba","buildEnvironmentVariables":{"GOOGLE_NODE_RUN_SCRIPTS":""},"buildName":"projects/30642582003/locations/asia-south1/builds/eeeefe04-2df5-43e5-9c4c-6e272fd3a2ba","dockerRegistry":"ARTIFACT_REGISTRY"},"versionId":"67","updateTime":"2023-11-02T16:44:02Z"}}
[debug] [2023-11-02T16:44:04.707Z] [update-default-asia-south1-api] Retrying task index 0
[debug] [2023-11-02T16:44:04.707Z] >>> [apiv2][query] GET https://cloudfunctions.googleapis.com/v1/operations/cmV0YWlsdXAtOTFiMjgvYXNpYS1zb3V0aDEvYXBpL3dRdFVhXzdOamsw [none]
[debug] [2023-11-02T16:44:05.106Z] <<< [apiv2][status] GET https://cloudfunctions.googleapis.com/v1/operations/cmV0YWlsdXAtOTFiMjgvYXNpYS1zb3V0aDEvYXBpL3dRdFVhXzdOamsw 200
[debug] [2023-11-02T16:44:05.106Z] <<< [apiv2][body] GET https://cloudfunctions.googleapis.com/v1/operations/cmV0YWlsdXAtOTFiMjgvYXNpYS1zb3V0aDEvYXBpL3dRdFVhXzdOamsw {"name":"operations/cmV0YWlsdXAtOTFiMjgvYXNpYS1zb3V0aDEvYXBpL3dRdFVhXzdOamsw","metadata":{"@type":"type.googleapis.com/google.cloud.functions.v1.OperationMetadataV1","target":"projects/retailup-91b28/locations/asia-south1/functions/api","type":"UPDATE_FUNCTION","request":{"@type":"type.googleapis.com/google.cloud.functions.v1.CloudFunction","name":"projects/retailup-91b28/locations/asia-south1/functions/api","httpsTrigger":{"url":"https://asia-south1-retailup-91b28.cloudfunctions.net/api","securityLevel":"SECURE_ALWAYS"},"status":"ACTIVE","entryPoint":"api","timeout":"120s","availableMemoryMb":256,"serviceAccountEmail":"retailup-91b28@appspot.gserviceaccount.com","updateTime":"2023-10-29T14:44:19.606Z","versionId":"66","labels":{"deployment-tool":"cli-firebase","firebase-functions-hash":"44f00bd10dbc291a977c02be24dfe3f8f357c845"},"sourceUploadUrl":"https://storage.googleapis.com/uploads-207993954006.asia-south1.cloudfunctions.appspot.com/95da050a-6130-4c09-b36a-0964fc3f634d.zip?GoogleAccessId=service-30642582003@gcf-admin-robot.iam.gserviceaccount.com&Expires=1698945229&Signature=dBbhk4Hee50ToH4ZIMhI6278ZwaswAKZna2JzMAzTzUyvAky19xzVe8i4fQcTHpS%2FtqCJEQiJkcyWhW5smfrS60RWxJ4W0AmMBv4bBO8lsHGp7ceOrJIFmqK0zJ7arZ48WKWwSD7z2ia8EZ4r864Umg36B0Q0p989UchImr32%2B3PLkImI4Rh7jkppD%2BV8pl1caSJZo%2FeA%2FOo5R6HKSZl4IxnKHvn20aW9GMzCQ2qZWDGkKnIZiWDOplAdAZ2eg550I0KssO5uD57r%2FVw14gSF3fZ2aJ98VUgVlz3j%2BxEbo1slKFRHc0rivjaDZitYlaeDeXlSJr%2BsdUSxD1efJh4jg%3D%3D","environmentVariables":{"FIREBASE_CONFIG":"{\"projectId\":\"retailup-91b28\",\"databaseURL\":\"https://retailup-91b28-default-rtdb.asia-southeast1.firebasedatabase.app\",\"storageBucket\":\"retailup-91b28.appspot.com\",\"locationId\":\"asia-south1\"}","GCLOUD_PROJECT":"retailup-91b28","FIRESTORE_PREFER_REST":"true","EVENTARC_CLOUD_EVENT_SOURCE":"projects/retailup-91b28/locations/asia-south1/functions/api"},"runtime":"nodejs16","ingressSettings":"ALLOW_ALL","buildId":"eeeefe04-2df5-43e5-9c4c-6e272fd3a2ba","buildEnvironmentVariables":{"GOOGLE_NODE_RUN_SCRIPTS":""},"buildName":"projects/30642582003/locations/asia-south1/builds/eeeefe04-2df5-43e5-9c4c-6e272fd3a2ba","dockerRegistry":"ARTIFACT_REGISTRY"},"versionId":"67","updateTime":"2023-11-02T16:44:04Z"}}
[debug] [2023-11-02T16:44:07.111Z] [update-default-asia-south1-api] Retrying task index 0
[debug] [2023-11-02T16:44:07.111Z] >>> [apiv2][query] GET https://cloudfunctions.googleapis.com/v1/operations/cmV0YWlsdXAtOTFiMjgvYXNpYS1zb3V0aDEvYXBpL3dRdFVhXzdOamsw [none]
[debug] [2023-11-02T16:44:07.510Z] <<< [apiv2][status] GET https://cloudfunctions.googleapis.com/v1/operations/cmV0YWlsdXAtOTFiMjgvYXNpYS1zb3V0aDEvYXBpL3dRdFVhXzdOamsw 200
[debug] [2023-11-02T16:44:07.511Z] <<< [apiv2][body] GET https://cloudfunctions.googleapis.com/v1/operations/cmV0YWlsdXAtOTFiMjgvYXNpYS1zb3V0aDEvYXBpL3dRdFVhXzdOamsw {"name":"operations/cmV0YWlsdXAtOTFiMjgvYXNpYS1zb3V0aDEvYXBpL3dRdFVhXzdOamsw","metadata":{"@type":"type.googleapis.com/google.cloud.functions.v1.OperationMetadataV1","target":"projects/retailup-91b28/locations/asia-south1/functions/api","type":"UPDATE_FUNCTION","request":{"@type":"type.googleapis.com/google.cloud.functions.v1.CloudFunction","name":"projects/retailup-91b28/locations/asia-south1/functions/api","httpsTrigger":{"url":"https://asia-south1-retailup-91b28.cloudfunctions.net/api","securityLevel":"SECURE_ALWAYS"},"status":"ACTIVE","entryPoint":"api","timeout":"120s","availableMemoryMb":256,"serviceAccountEmail":"retailup-91b28@appspot.gserviceaccount.com","updateTime":"2023-10-29T14:44:19.606Z","versionId":"66","labels":{"deployment-tool":"cli-firebase","firebase-functions-hash":"44f00bd10dbc291a977c02be24dfe3f8f357c845"},"sourceUploadUrl":"https://storage.googleapis.com/uploads-207993954006.asia-south1.cloudfunctions.appspot.com/95da050a-6130-4c09-b36a-0964fc3f634d.zip?GoogleAccessId=service-30642582003@gcf-admin-robot.iam.gserviceaccount.com&Expires=1698945229&Signature=dBbhk4Hee50ToH4ZIMhI6278ZwaswAKZna2JzMAzTzUyvAky19xzVe8i4fQcTHpS%2FtqCJEQiJkcyWhW5smfrS60RWxJ4W0AmMBv4bBO8lsHGp7ceOrJIFmqK0zJ7arZ48WKWwSD7z2ia8EZ4r864Umg36B0Q0p989UchImr32%2B3PLkImI4Rh7jkppD%2BV8pl1caSJZo%2FeA%2FOo5R6HKSZl4IxnKHvn20aW9GMzCQ2qZWDGkKnIZiWDOplAdAZ2eg550I0KssO5uD57r%2FVw14gSF3fZ2aJ98VUgVlz3j%2BxEbo1slKFRHc0rivjaDZitYlaeDeXlSJr%2BsdUSxD1efJh4jg%3D%3D","environmentVariables":{"FIREBASE_CONFIG":"{\"projectId\":\"retailup-91b28\",\"databaseURL\":\"https://retailup-91b28-default-rtdb.asia-southeast1.firebasedatabase.app\",\"storageBucket\":\"retailup-91b28.appspot.com\",\"locationId\":\"asia-south1\"}","GCLOUD_PROJECT":"retailup-91b28","FIRESTORE_PREFER_REST":"true","EVENTARC_CLOUD_EVENT_SOURCE":"projects/retailup-91b28/locations/asia-south1/functions/api"},"runtime":"nodejs16","ingressSettings":"ALLOW_ALL","buildId":"eeeefe04-2df5-43e5-9c4c-6e272fd3a2ba","buildEnvironmentVariables":{"GOOGLE_NODE_RUN_SCRIPTS":""},"buildName":"projects/30642582003/locations/asia-south1/builds/eeeefe04-2df5-43e5-9c4c-6e272fd3a2ba","dockerRegistry":"ARTIFACT_REGISTRY"},"versionId":"67","updateTime":"2023-11-02T16:44:04Z"}}
[debug] [2023-11-02T16:44:11.525Z] [update-default-asia-south1-api] Retrying task index 0
[debug] [2023-11-02T16:44:11.526Z] >>> [apiv2][query] GET https://cloudfunctions.googleapis.com/v1/operations/cmV0YWlsdXAtOTFiMjgvYXNpYS1zb3V0aDEvYXBpL3dRdFVhXzdOamsw [none]
[debug] [2023-11-02T16:44:11.880Z] <<< [apiv2][status] GET https://cloudfunctions.googleapis.com/v1/operations/cmV0YWlsdXAtOTFiMjgvYXNpYS1zb3V0aDEvYXBpL3dRdFVhXzdOamsw 200
[debug] [2023-11-02T16:44:11.880Z] <<< [apiv2][body] GET https://cloudfunctions.googleapis.com/v1/operations/cmV0YWlsdXAtOTFiMjgvYXNpYS1zb3V0aDEvYXBpL3dRdFVhXzdOamsw {"name":"operations/cmV0YWlsdXAtOTFiMjgvYXNpYS1zb3V0aDEvYXBpL3dRdFVhXzdOamsw","metadata":{"@type":"type.googleapis.com/google.cloud.functions.v1.OperationMetadataV1","target":"projects/retailup-91b28/locations/asia-south1/functions/api","type":"UPDATE_FUNCTION","request":{"@type":"type.googleapis.com/google.cloud.functions.v1.CloudFunction","name":"projects/retailup-91b28/locations/asia-south1/functions/api","httpsTrigger":{"url":"https://asia-south1-retailup-91b28.cloudfunctions.net/api","securityLevel":"SECURE_ALWAYS"},"status":"ACTIVE","entryPoint":"api","timeout":"120s","availableMemoryMb":256,"serviceAccountEmail":"retailup-91b28@appspot.gserviceaccount.com","updateTime":"2023-10-29T14:44:19.606Z","versionId":"66","labels":{"deployment-tool":"cli-firebase","firebase-functions-hash":"44f00bd10dbc291a977c02be24dfe3f8f357c845"},"sourceUploadUrl":"https://storage.googleapis.com/uploads-207993954006.asia-south1.cloudfunctions.appspot.com/95da050a-6130-4c09-b36a-0964fc3f634d.zip?GoogleAccessId=service-30642582003@gcf-admin-robot.iam.gserviceaccount.com&Expires=1698945229&Signature=dBbhk4Hee50ToH4ZIMhI6278ZwaswAKZna2JzMAzTzUyvAky19xzVe8i4fQcTHpS%2FtqCJEQiJkcyWhW5smfrS60RWxJ4W0AmMBv4bBO8lsHGp7ceOrJIFmqK0zJ7arZ48WKWwSD7z2ia8EZ4r864Umg36B0Q0p989UchImr32%2B3PLkImI4Rh7jkppD%2BV8pl1caSJZo%2FeA%2FOo5R6HKSZl4IxnKHvn20aW9GMzCQ2qZWDGkKnIZiWDOplAdAZ2eg550I0KssO5uD57r%2FVw14gSF3fZ2aJ98VUgVlz3j%2BxEbo1slKFRHc0rivjaDZitYlaeDeXlSJr%2BsdUSxD1efJh4jg%3D%3D","environmentVariables":{"FIREBASE_CONFIG":"{\"projectId\":\"retailup-91b28\",\"databaseURL\":\"https://retailup-91b28-default-rtdb.asia-southeast1.firebasedatabase.app\",\"storageBucket\":\"retailup-91b28.appspot.com\",\"locationId\":\"asia-south1\"}","GCLOUD_PROJECT":"retailup-91b28","FIRESTORE_PREFER_REST":"true","EVENTARC_CLOUD_EVENT_SOURCE":"projects/retailup-91b28/locations/asia-south1/functions/api"},"runtime":"nodejs16","ingressSettings":"ALLOW_ALL","buildId":"eeeefe04-2df5-43e5-9c4c-6e272fd3a2ba","buildEnvironmentVariables":{"GOOGLE_NODE_RUN_SCRIPTS":""},"buildName":"projects/30642582003/locations/asia-south1/builds/eeeefe04-2df5-43e5-9c4c-6e272fd3a2ba","dockerRegistry":"ARTIFACT_REGISTRY"},"versionId":"67","updateTime":"2023-11-02T16:44:04Z"}}
[debug] [2023-11-02T16:44:19.892Z] [update-default-asia-south1-api] Retrying task index 0
[debug] [2023-11-02T16:44:19.893Z] >>> [apiv2][query] GET https://cloudfunctions.googleapis.com/v1/operations/cmV0YWlsdXAtOTFiMjgvYXNpYS1zb3V0aDEvYXBpL3dRdFVhXzdOamsw [none]
[debug] [2023-11-02T16:44:20.315Z] <<< [apiv2][status] GET https://cloudfunctions.googleapis.com/v1/operations/cmV0YWlsdXAtOTFiMjgvYXNpYS1zb3V0aDEvYXBpL3dRdFVhXzdOamsw 200
[debug] [2023-11-02T16:44:20.315Z] <<< [apiv2][body] GET https://cloudfunctions.googleapis.com/v1/operations/cmV0YWlsdXAtOTFiMjgvYXNpYS1zb3V0aDEvYXBpL3dRdFVhXzdOamsw {"name":"operations/cmV0YWlsdXAtOTFiMjgvYXNpYS1zb3V0aDEvYXBpL3dRdFVhXzdOamsw","metadata":{"@type":"type.googleapis.com/google.cloud.functions.v1.OperationMetadataV1","target":"projects/retailup-91b28/locations/asia-south1/functions/api","type":"UPDATE_FUNCTION","request":{"@type":"type.googleapis.com/google.cloud.functions.v1.CloudFunction","name":"projects/retailup-91b28/locations/asia-south1/functions/api","httpsTrigger":{"url":"https://asia-south1-retailup-91b28.cloudfunctions.net/api","securityLevel":"SECURE_ALWAYS"},"status":"ACTIVE","entryPoint":"api","timeout":"120s","availableMemoryMb":256,"serviceAccountEmail":"retailup-91b28@appspot.gserviceaccount.com","updateTime":"2023-10-29T14:44:19.606Z","versionId":"66","labels":{"deployment-tool":"cli-firebase","firebase-functions-hash":"44f00bd10dbc291a977c02be24dfe3f8f357c845"},"sourceUploadUrl":"https://storage.googleapis.com/uploads-207993954006.asia-south1.cloudfunctions.appspot.com/95da050a-6130-4c09-b36a-0964fc3f634d.zip?GoogleAccessId=service-30642582003@gcf-admin-robot.iam.gserviceaccount.com&Expires=1698945229&Signature=dBbhk4Hee50ToH4ZIMhI6278ZwaswAKZna2JzMAzTzUyvAky19xzVe8i4fQcTHpS%2FtqCJEQiJkcyWhW5smfrS60RWxJ4W0AmMBv4bBO8lsHGp7ceOrJIFmqK0zJ7arZ48WKWwSD7z2ia8EZ4r864Umg36B0Q0p989UchImr32%2B3PLkImI4Rh7jkppD%2BV8pl1caSJZo%2FeA%2FOo5R6HKSZl4IxnKHvn20aW9GMzCQ2qZWDGkKnIZiWDOplAdAZ2eg550I0KssO5uD57r%2FVw14gSF3fZ2aJ98VUgVlz3j%2BxEbo1slKFRHc0rivjaDZitYlaeDeXlSJr%2BsdUSxD1efJh4jg%3D%3D","environmentVariables":{"FIREBASE_CONFIG":"{\"projectId\":\"retailup-91b28\",\"databaseURL\":\"https://retailup-91b28-default-rtdb.asia-southeast1.firebasedatabase.app\",\"storageBucket\":\"retailup-91b28.appspot.com\",\"locationId\":\"asia-south1\"}","GCLOUD_PROJECT":"retailup-91b28","FIRESTORE_PREFER_REST":"true","EVENTARC_CLOUD_EVENT_SOURCE":"projects/retailup-91b28/locations/asia-south1/functions/api"},"runtime":"nodejs16","ingressSettings":"ALLOW_ALL","buildId":"eeeefe04-2df5-43e5-9c4c-6e272fd3a2ba","buildEnvironmentVariables":{"GOOGLE_NODE_RUN_SCRIPTS":""},"buildName":"projects/30642582003/locations/asia-south1/builds/eeeefe04-2df5-43e5-9c4c-6e272fd3a2ba","dockerRegistry":"ARTIFACT_REGISTRY"},"versionId":"67","updateTime":"2023-11-02T16:44:04Z","buildId":"dede8180-c778-4c63-a6a2-0db100306b3e","buildName":"projects/30642582003/locations/asia-south1/builds/dede8180-c778-4c63-a6a2-0db100306b3e"}}
[debug] [2023-11-02T16:44:30.324Z] [update-default-asia-south1-api] Retrying task index 0
[debug] [2023-11-02T16:44:30.325Z] >>> [apiv2][query] GET https://cloudfunctions.googleapis.com/v1/operations/cmV0YWlsdXAtOTFiMjgvYXNpYS1zb3V0aDEvYXBpL3dRdFVhXzdOamsw [none]
[debug] [2023-11-02T16:44:30.853Z] <<< [apiv2][status] GET https://cloudfunctions.googleapis.com/v1/operations/cmV0YWlsdXAtOTFiMjgvYXNpYS1zb3V0aDEvYXBpL3dRdFVhXzdOamsw 200
[debug] [2023-11-02T16:44:30.853Z] <<< [apiv2][body] GET https://cloudfunctions.googleapis.com/v1/operations/cmV0YWlsdXAtOTFiMjgvYXNpYS1zb3V0aDEvYXBpL3dRdFVhXzdOamsw {"name":"operations/cmV0YWlsdXAtOTFiMjgvYXNpYS1zb3V0aDEvYXBpL3dRdFVhXzdOamsw","metadata":{"@type":"type.googleapis.com/google.cloud.functions.v1.OperationMetadataV1","target":"projects/retailup-91b28/locations/asia-south1/functions/api","type":"UPDATE_FUNCTION","request":{"@type":"type.googleapis.com/google.cloud.functions.v1.CloudFunction","name":"projects/retailup-91b28/locations/asia-south1/functions/api","httpsTrigger":{"url":"https://asia-south1-retailup-91b28.cloudfunctions.net/api","securityLevel":"SECURE_ALWAYS"},"status":"ACTIVE","entryPoint":"api","timeout":"120s","availableMemoryMb":256,"serviceAccountEmail":"retailup-91b28@appspot.gserviceaccount.com","updateTime":"2023-10-29T14:44:19.606Z","versionId":"66","labels":{"deployment-tool":"cli-firebase","firebase-functions-hash":"44f00bd10dbc291a977c02be24dfe3f8f357c845"},"sourceUploadUrl":"https://storage.googleapis.com/uploads-207993954006.asia-south1.cloudfunctions.appspot.com/95da050a-6130-4c09-b36a-0964fc3f634d.zip?GoogleAccessId=service-30642582003@gcf-admin-robot.iam.gserviceaccount.com&Expires=1698945229&Signature=dBbhk4Hee50ToH4ZIMhI6278ZwaswAKZna2JzMAzTzUyvAky19xzVe8i4fQcTHpS%2FtqCJEQiJkcyWhW5smfrS60RWxJ4W0AmMBv4bBO8lsHGp7ceOrJIFmqK0zJ7arZ48WKWwSD7z2ia8EZ4r864Umg36B0Q0p989UchImr32%2B3PLkImI4Rh7jkppD%2BV8pl1caSJZo%2FeA%2FOo5R6HKSZl4IxnKHvn20aW9GMzCQ2qZWDGkKnIZiWDOplAdAZ2eg550I0KssO5uD57r%2FVw14gSF3fZ2aJ98VUgVlz3j%2BxEbo1slKFRHc0rivjaDZitYlaeDeXlSJr%2BsdUSxD1efJh4jg%3D%3D","environmentVariables":{"FIREBASE_CONFIG":"{\"projectId\":\"retailup-91b28\",\"databaseURL\":\"https://retailup-91b28-default-rtdb.asia-southeast1.firebasedatabase.app\",\"storageBucket\":\"retailup-91b28.appspot.com\",\"locationId\":\"asia-south1\"}","GCLOUD_PROJECT":"retailup-91b28","FIRESTORE_PREFER_REST":"true","EVENTARC_CLOUD_EVENT_SOURCE":"projects/retailup-91b28/locations/asia-south1/functions/api"},"runtime":"nodejs16","ingressSettings":"ALLOW_ALL","buildId":"eeeefe04-2df5-43e5-9c4c-6e272fd3a2ba","buildEnvironmentVariables":{"GOOGLE_NODE_RUN_SCRIPTS":""},"buildName":"projects/30642582003/locations/asia-south1/builds/eeeefe04-2df5-43e5-9c4c-6e272fd3a2ba","dockerRegistry":"ARTIFACT_REGISTRY"},"versionId":"67","updateTime":"2023-11-02T16:44:04Z","buildId":"dede8180-c778-4c63-a6a2-0db100306b3e","buildName":"projects/30642582003/locations/asia-south1/builds/dede8180-c778-4c63-a6a2-0db100306b3e"}}
[debug] [2023-11-02T16:44:40.864Z] [update-default-asia-south1-api] Retrying task index 0
[debug] [2023-11-02T16:44:40.865Z] >>> [apiv2][query] GET https://cloudfunctions.googleapis.com/v1/operations/cmV0YWlsdXAtOTFiMjgvYXNpYS1zb3V0aDEvYXBpL3dRdFVhXzdOamsw [none]
[debug] [2023-11-02T16:44:41.410Z] <<< [apiv2][status] GET https://cloudfunctions.googleapis.com/v1/operations/cmV0YWlsdXAtOTFiMjgvYXNpYS1zb3V0aDEvYXBpL3dRdFVhXzdOamsw 200
[debug] [2023-11-02T16:44:41.410Z] <<< [apiv2][body] GET https://cloudfunctions.googleapis.com/v1/operations/cmV0YWlsdXAtOTFiMjgvYXNpYS1zb3V0aDEvYXBpL3dRdFVhXzdOamsw {"name":"operations/cmV0YWlsdXAtOTFiMjgvYXNpYS1zb3V0aDEvYXBpL3dRdFVhXzdOamsw","metadata":{"@type":"type.googleapis.com/google.cloud.functions.v1.OperationMetadataV1","target":"projects/retailup-91b28/locations/asia-south1/functions/api","type":"UPDATE_FUNCTION","request":{"@type":"type.googleapis.com/google.cloud.functions.v1.CloudFunction","name":"projects/retailup-91b28/locations/asia-south1/functions/api","httpsTrigger":{"url":"https://asia-south1-retailup-91b28.cloudfunctions.net/api","securityLevel":"SECURE_ALWAYS"},"status":"ACTIVE","entryPoint":"api","timeout":"120s","availableMemoryMb":256,"serviceAccountEmail":"retailup-91b28@appspot.gserviceaccount.com","updateTime":"2023-10-29T14:44:19.606Z","versionId":"66","labels":{"deployment-tool":"cli-firebase","firebase-functions-hash":"44f00bd10dbc291a977c02be24dfe3f8f357c845"},"sourceUploadUrl":"https://storage.googleapis.com/uploads-207993954006.asia-south1.cloudfunctions.appspot.com/95da050a-6130-4c09-b36a-0964fc3f634d.zip?GoogleAccessId=service-30642582003@gcf-admin-robot.iam.gserviceaccount.com&Expires=1698945229&Signature=dBbhk4Hee50ToH4ZIMhI6278ZwaswAKZna2JzMAzTzUyvAky19xzVe8i4fQcTHpS%2FtqCJEQiJkcyWhW5smfrS60RWxJ4W0AmMBv4bBO8lsHGp7ceOrJIFmqK0zJ7arZ48WKWwSD7z2ia8EZ4r864Umg36B0Q0p989UchImr32%2B3PLkImI4Rh7jkppD%2BV8pl1caSJZo%2FeA%2FOo5R6HKSZl4IxnKHvn20aW9GMzCQ2qZWDGkKnIZiWDOplAdAZ2eg550I0KssO5uD57r%2FVw14gSF3fZ2aJ98VUgVlz3j%2BxEbo1slKFRHc0rivjaDZitYlaeDeXlSJr%2BsdUSxD1efJh4jg%3D%3D","environmentVariables":{"FIREBASE_CONFIG":"{\"projectId\":\"retailup-91b28\",\"databaseURL\":\"https://retailup-91b28-default-rtdb.asia-southeast1.firebasedatabase.app\",\"storageBucket\":\"retailup-91b28.appspot.com\",\"locationId\":\"asia-south1\"}","GCLOUD_PROJECT":"retailup-91b28","FIRESTORE_PREFER_REST":"true","EVENTARC_CLOUD_EVENT_SOURCE":"projects/retailup-91b28/locations/asia-south1/functions/api"},"runtime":"nodejs16","ingressSettings":"ALLOW_ALL","buildId":"eeeefe04-2df5-43e5-9c4c-6e272fd3a2ba","buildEnvironmentVariables":{"GOOGLE_NODE_RUN_SCRIPTS":""},"buildName":"projects/30642582003/locations/asia-south1/builds/eeeefe04-2df5-43e5-9c4c-6e272fd3a2ba","dockerRegistry":"ARTIFACT_REGISTRY"},"versionId":"67","updateTime":"2023-11-02T16:44:04Z","buildId":"dede8180-c778-4c63-a6a2-0db100306b3e","buildName":"projects/30642582003/locations/asia-south1/builds/dede8180-c778-4c63-a6a2-0db100306b3e"}}
[debug] [2023-11-02T16:44:51.415Z] [update-default-asia-south1-api] Retrying task index 0
[debug] [2023-11-02T16:44:51.416Z] >>> [apiv2][query] GET https://cloudfunctions.googleapis.com/v1/operations/cmV0YWlsdXAtOTFiMjgvYXNpYS1zb3V0aDEvYXBpL3dRdFVhXzdOamsw [none]
[debug] [2023-11-02T16:44:51.800Z] <<< [apiv2][status] GET https://cloudfunctions.googleapis.com/v1/operations/cmV0YWlsdXAtOTFiMjgvYXNpYS1zb3V0aDEvYXBpL3dRdFVhXzdOamsw 200
[debug] [2023-11-02T16:44:51.800Z] <<< [apiv2][body] GET https://cloudfunctions.googleapis.com/v1/operations/cmV0YWlsdXAtOTFiMjgvYXNpYS1zb3V0aDEvYXBpL3dRdFVhXzdOamsw {"name":"operations/cmV0YWlsdXAtOTFiMjgvYXNpYS1zb3V0aDEvYXBpL3dRdFVhXzdOamsw","metadata":{"@type":"type.googleapis.com/google.cloud.functions.v1.OperationMetadataV1","target":"projects/retailup-91b28/locations/asia-south1/functions/api","type":"UPDATE_FUNCTION","request":{"@type":"type.googleapis.com/google.cloud.functions.v1.CloudFunction","name":"projects/retailup-91b28/locations/asia-south1/functions/api","httpsTrigger":{"url":"https://asia-south1-retailup-91b28.cloudfunctions.net/api","securityLevel":"SECURE_ALWAYS"},"status":"ACTIVE","entryPoint":"api","timeout":"120s","availableMemoryMb":256,"serviceAccountEmail":"retailup-91b28@appspot.gserviceaccount.com","updateTime":"2023-10-29T14:44:19.606Z","versionId":"66","labels":{"deployment-tool":"cli-firebase","firebase-functions-hash":"44f00bd10dbc291a977c02be24dfe3f8f357c845"},"sourceUploadUrl":"https://storage.googleapis.com/uploads-207993954006.asia-south1.cloudfunctions.appspot.com/95da050a-6130-4c09-b36a-0964fc3f634d.zip?GoogleAccessId=service-30642582003@gcf-admin-robot.iam.gserviceaccount.com&Expires=1698945229&Signature=dBbhk4Hee50ToH4ZIMhI6278ZwaswAKZna2JzMAzTzUyvAky19xzVe8i4fQcTHpS%2FtqCJEQiJkcyWhW5smfrS60RWxJ4W0AmMBv4bBO8lsHGp7ceOrJIFmqK0zJ7arZ48WKWwSD7z2ia8EZ4r864Umg36B0Q0p989UchImr32%2B3PLkImI4Rh7jkppD%2BV8pl1caSJZo%2FeA%2FOo5R6HKSZl4IxnKHvn20aW9GMzCQ2qZWDGkKnIZiWDOplAdAZ2eg550I0KssO5uD57r%2FVw14gSF3fZ2aJ98VUgVlz3j%2BxEbo1slKFRHc0rivjaDZitYlaeDeXlSJr%2BsdUSxD1efJh4jg%3D%3D","environmentVariables":{"FIREBASE_CONFIG":"{\"projectId\":\"retailup-91b28\",\"databaseURL\":\"https://retailup-91b28-default-rtdb.asia-southeast1.firebasedatabase.app\",\"storageBucket\":\"retailup-91b28.appspot.com\",\"locationId\":\"asia-south1\"}","GCLOUD_PROJECT":"retailup-91b28","FIRESTORE_PREFER_REST":"true","EVENTARC_CLOUD_EVENT_SOURCE":"projects/retailup-91b28/locations/asia-south1/functions/api"},"runtime":"nodejs16","ingressSettings":"ALLOW_ALL","buildId":"eeeefe04-2df5-43e5-9c4c-6e272fd3a2ba","buildEnvironmentVariables":{"GOOGLE_NODE_RUN_SCRIPTS":""},"buildName":"projects/30642582003/locations/asia-south1/builds/eeeefe04-2df5-43e5-9c4c-6e272fd3a2ba","dockerRegistry":"ARTIFACT_REGISTRY"},"versionId":"67","updateTime":"2023-11-02T16:44:04Z","buildId":"dede8180-c778-4c63-a6a2-0db100306b3e","buildName":"projects/30642582003/locations/asia-south1/builds/dede8180-c778-4c63-a6a2-0db100306b3e"}}
[debug] [2023-11-02T16:45:01.806Z] [update-default-asia-south1-api] Retrying task index 0
[debug] [2023-11-02T16:45:01.806Z] >>> [apiv2][query] GET https://cloudfunctions.googleapis.com/v1/operations/cmV0YWlsdXAtOTFiMjgvYXNpYS1zb3V0aDEvYXBpL3dRdFVhXzdOamsw [none]
[debug] [2023-11-02T16:45:02.201Z] <<< [apiv2][status] GET https://cloudfunctions.googleapis.com/v1/operations/cmV0YWlsdXAtOTFiMjgvYXNpYS1zb3V0aDEvYXBpL3dRdFVhXzdOamsw 200
[debug] [2023-11-02T16:45:02.201Z] <<< [apiv2][body] GET https://cloudfunctions.googleapis.com/v1/operations/cmV0YWlsdXAtOTFiMjgvYXNpYS1zb3V0aDEvYXBpL3dRdFVhXzdOamsw {"name":"operations/cmV0YWlsdXAtOTFiMjgvYXNpYS1zb3V0aDEvYXBpL3dRdFVhXzdOamsw","metadata":{"@type":"type.googleapis.com/google.cloud.functions.v1.OperationMetadataV1","target":"projects/retailup-91b28/locations/asia-south1/functions/api","type":"UPDATE_FUNCTION","request":{"@type":"type.googleapis.com/google.cloud.functions.v1.CloudFunction","name":"projects/retailup-91b28/locations/asia-south1/functions/api","httpsTrigger":{"url":"https://asia-south1-retailup-91b28.cloudfunctions.net/api","securityLevel":"SECURE_ALWAYS"},"status":"ACTIVE","entryPoint":"api","timeout":"120s","availableMemoryMb":256,"serviceAccountEmail":"retailup-91b28@appspot.gserviceaccount.com","updateTime":"2023-10-29T14:44:19.606Z","versionId":"66","labels":{"deployment-tool":"cli-firebase","firebase-functions-hash":"44f00bd10dbc291a977c02be24dfe3f8f357c845"},"sourceUploadUrl":"https://storage.googleapis.com/uploads-207993954006.asia-south1.cloudfunctions.appspot.com/95da050a-6130-4c09-b36a-0964fc3f634d.zip?GoogleAccessId=service-30642582003@gcf-admin-robot.iam.gserviceaccount.com&Expires=1698945229&Signature=dBbhk4Hee50ToH4ZIMhI6278ZwaswAKZna2JzMAzTzUyvAky19xzVe8i4fQcTHpS%2FtqCJEQiJkcyWhW5smfrS60RWxJ4W0AmMBv4bBO8lsHGp7ceOrJIFmqK0zJ7arZ48WKWwSD7z2ia8EZ4r864Umg36B0Q0p989UchImr32%2B3PLkImI4Rh7jkppD%2BV8pl1caSJZo%2FeA%2FOo5R6HKSZl4IxnKHvn20aW9GMzCQ2qZWDGkKnIZiWDOplAdAZ2eg550I0KssO5uD57r%2FVw14gSF3fZ2aJ98VUgVlz3j%2BxEbo1slKFRHc0rivjaDZitYlaeDeXlSJr%2BsdUSxD1efJh4jg%3D%3D","environmentVariables":{"FIREBASE_CONFIG":"{\"projectId\":\"retailup-91b28\",\"databaseURL\":\"https://retailup-91b28-default-rtdb.asia-southeast1.firebasedatabase.app\",\"storageBucket\":\"retailup-91b28.appspot.com\",\"locationId\":\"asia-south1\"}","GCLOUD_PROJECT":"retailup-91b28","FIRESTORE_PREFER_REST":"true","EVENTARC_CLOUD_EVENT_SOURCE":"projects/retailup-91b28/locations/asia-south1/functions/api"},"runtime":"nodejs16","ingressSettings":"ALLOW_ALL","buildId":"eeeefe04-2df5-43e5-9c4c-6e272fd3a2ba","buildEnvironmentVariables":{"GOOGLE_NODE_RUN_SCRIPTS":""},"buildName":"projects/30642582003/locations/asia-south1/builds/eeeefe04-2df5-43e5-9c4c-6e272fd3a2ba","dockerRegistry":"ARTIFACT_REGISTRY"},"versionId":"67","updateTime":"2023-11-02T16:44:04Z","buildId":"dede8180-c778-4c63-a6a2-0db100306b3e","buildName":"projects/30642582003/locations/asia-south1/builds/dede8180-c778-4c63-a6a2-0db100306b3e"}}
[debug] [2023-11-02T16:45:12.214Z] [update-default-asia-south1-api] Retrying task index 0
[debug] [2023-11-02T16:45:12.215Z] >>> [apiv2][query] GET https://cloudfunctions.googleapis.com/v1/operations/cmV0YWlsdXAtOTFiMjgvYXNpYS1zb3V0aDEvYXBpL3dRdFVhXzdOamsw [none]
[debug] [2023-11-02T16:45:12.555Z] <<< [apiv2][status] GET https://cloudfunctions.googleapis.com/v1/operations/cmV0YWlsdXAtOTFiMjgvYXNpYS1zb3V0aDEvYXBpL3dRdFVhXzdOamsw 200
[debug] [2023-11-02T16:45:12.556Z] <<< [apiv2][body] GET https://cloudfunctions.googleapis.com/v1/operations/cmV0YWlsdXAtOTFiMjgvYXNpYS1zb3V0aDEvYXBpL3dRdFVhXzdOamsw {"name":"operations/cmV0YWlsdXAtOTFiMjgvYXNpYS1zb3V0aDEvYXBpL3dRdFVhXzdOamsw","metadata":{"@type":"type.googleapis.com/google.cloud.functions.v1.OperationMetadataV1","target":"projects/retailup-91b28/locations/asia-south1/functions/api","type":"UPDATE_FUNCTION","request":{"@type":"type.googleapis.com/google.cloud.functions.v1.CloudFunction","name":"projects/retailup-91b28/locations/asia-south1/functions/api","httpsTrigger":{"url":"https://asia-south1-retailup-91b28.cloudfunctions.net/api","securityLevel":"SECURE_ALWAYS"},"status":"ACTIVE","entryPoint":"api","timeout":"120s","availableMemoryMb":256,"serviceAccountEmail":"retailup-91b28@appspot.gserviceaccount.com","updateTime":"2023-10-29T14:44:19.606Z","versionId":"66","labels":{"deployment-tool":"cli-firebase","firebase-functions-hash":"44f00bd10dbc291a977c02be24dfe3f8f357c845"},"sourceUploadUrl":"https://storage.googleapis.com/uploads-207993954006.asia-south1.cloudfunctions.appspot.com/95da050a-6130-4c09-b36a-0964fc3f634d.zip?GoogleAccessId=service-30642582003@gcf-admin-robot.iam.gserviceaccount.com&Expires=1698945229&Signature=dBbhk4Hee50ToH4ZIMhI6278ZwaswAKZna2JzMAzTzUyvAky19xzVe8i4fQcTHpS%2FtqCJEQiJkcyWhW5smfrS60RWxJ4W0AmMBv4bBO8lsHGp7ceOrJIFmqK0zJ7arZ48WKWwSD7z2ia8EZ4r864Umg36B0Q0p989UchImr32%2B3PLkImI4Rh7jkppD%2BV8pl1caSJZo%2FeA%2FOo5R6HKSZl4IxnKHvn20aW9GMzCQ2qZWDGkKnIZiWDOplAdAZ2eg550I0KssO5uD57r%2FVw14gSF3fZ2aJ98VUgVlz3j%2BxEbo1slKFRHc0rivjaDZitYlaeDeXlSJr%2BsdUSxD1efJh4jg%3D%3D","environmentVariables":{"FIREBASE_CONFIG":"{\"projectId\":\"retailup-91b28\",\"databaseURL\":\"https://retailup-91b28-default-rtdb.asia-southeast1.firebasedatabase.app\",\"storageBucket\":\"retailup-91b28.appspot.com\",\"locationId\":\"asia-south1\"}","GCLOUD_PROJECT":"retailup-91b28","FIRESTORE_PREFER_REST":"true","EVENTARC_CLOUD_EVENT_SOURCE":"projects/retailup-91b28/locations/asia-south1/functions/api"},"runtime":"nodejs16","ingressSettings":"ALLOW_ALL","buildId":"eeeefe04-2df5-43e5-9c4c-6e272fd3a2ba","buildEnvironmentVariables":{"GOOGLE_NODE_RUN_SCRIPTS":""},"buildName":"projects/30642582003/locations/asia-south1/builds/eeeefe04-2df5-43e5-9c4c-6e272fd3a2ba","dockerRegistry":"ARTIFACT_REGISTRY"},"versionId":"67","updateTime":"2023-11-02T16:44:04Z","buildId":"dede8180-c778-4c63-a6a2-0db100306b3e","buildName":"projects/30642582003/locations/asia-south1/builds/dede8180-c778-4c63-a6a2-0db100306b3e"}}
[debug] [2023-11-02T16:45:22.570Z] [update-default-asia-south1-api] Retrying task index 0
[debug] [2023-11-02T16:45:22.571Z] >>> [apiv2][query] GET https://cloudfunctions.googleapis.com/v1/operations/cmV0YWlsdXAtOTFiMjgvYXNpYS1zb3V0aDEvYXBpL3dRdFVhXzdOamsw [none]
[debug] [2023-11-02T16:45:22.977Z] <<< [apiv2][status] GET https://cloudfunctions.googleapis.com/v1/operations/cmV0YWlsdXAtOTFiMjgvYXNpYS1zb3V0aDEvYXBpL3dRdFVhXzdOamsw 200
[debug] [2023-11-02T16:45:22.977Z] <<< [apiv2][body] GET https://cloudfunctions.googleapis.com/v1/operations/cmV0YWlsdXAtOTFiMjgvYXNpYS1zb3V0aDEvYXBpL3dRdFVhXzdOamsw {"name":"operations/cmV0YWlsdXAtOTFiMjgvYXNpYS1zb3V0aDEvYXBpL3dRdFVhXzdOamsw","metadata":{"@type":"type.googleapis.com/google.cloud.functions.v1.OperationMetadataV1","target":"projects/retailup-91b28/locations/asia-south1/functions/api","type":"UPDATE_FUNCTION","request":{"@type":"type.googleapis.com/google.cloud.functions.v1.CloudFunction","name":"projects/retailup-91b28/locations/asia-south1/functions/api","httpsTrigger":{"url":"https://asia-south1-retailup-91b28.cloudfunctions.net/api","securityLevel":"SECURE_ALWAYS"},"status":"ACTIVE","entryPoint":"api","timeout":"120s","availableMemoryMb":256,"serviceAccountEmail":"retailup-91b28@appspot.gserviceaccount.com","updateTime":"2023-10-29T14:44:19.606Z","versionId":"66","labels":{"deployment-tool":"cli-firebase","firebase-functions-hash":"44f00bd10dbc291a977c02be24dfe3f8f357c845"},"sourceUploadUrl":"https://storage.googleapis.com/uploads-207993954006.asia-south1.cloudfunctions.appspot.com/95da050a-6130-4c09-b36a-0964fc3f634d.zip?GoogleAccessId=service-30642582003@gcf-admin-robot.iam.gserviceaccount.com&Expires=1698945229&Signature=dBbhk4Hee50ToH4ZIMhI6278ZwaswAKZna2JzMAzTzUyvAky19xzVe8i4fQcTHpS%2FtqCJEQiJkcyWhW5smfrS60RWxJ4W0AmMBv4bBO8lsHGp7ceOrJIFmqK0zJ7arZ48WKWwSD7z2ia8EZ4r864Umg36B0Q0p989UchImr32%2B3PLkImI4Rh7jkppD%2BV8pl1caSJZo%2FeA%2FOo5R6HKSZl4IxnKHvn20aW9GMzCQ2qZWDGkKnIZiWDOplAdAZ2eg550I0KssO5uD57r%2FVw14gSF3fZ2aJ98VUgVlz3j%2BxEbo1slKFRHc0rivjaDZitYlaeDeXlSJr%2BsdUSxD1efJh4jg%3D%3D","environmentVariables":{"FIREBASE_CONFIG":"{\"projectId\":\"retailup-91b28\",\"databaseURL\":\"https://retailup-91b28-default-rtdb.asia-southeast1.firebasedatabase.app\",\"storageBucket\":\"retailup-91b28.appspot.com\",\"locationId\":\"asia-south1\"}","GCLOUD_PROJECT":"retailup-91b28","FIRESTORE_PREFER_REST":"true","EVENTARC_CLOUD_EVENT_SOURCE":"projects/retailup-91b28/locations/asia-south1/functions/api"},"runtime":"nodejs16","ingressSettings":"ALLOW_ALL","buildId":"eeeefe04-2df5-43e5-9c4c-6e272fd3a2ba","buildEnvironmentVariables":{"GOOGLE_NODE_RUN_SCRIPTS":""},"buildName":"projects/30642582003/locations/asia-south1/builds/eeeefe04-2df5-43e5-9c4c-6e272fd3a2ba","dockerRegistry":"ARTIFACT_REGISTRY"},"versionId":"67","updateTime":"2023-11-02T16:44:04Z","buildId":"dede8180-c778-4c63-a6a2-0db100306b3e","buildName":"projects/30642582003/locations/asia-south1/builds/dede8180-c778-4c63-a6a2-0db100306b3e"}}
[debug] [2023-11-02T16:45:32.987Z] [update-default-asia-south1-api] Retrying task index 0
[debug] [2023-11-02T16:45:32.988Z] >>> [apiv2][query] GET https://cloudfunctions.googleapis.com/v1/operations/cmV0YWlsdXAtOTFiMjgvYXNpYS1zb3V0aDEvYXBpL3dRdFVhXzdOamsw [none]
[debug] [2023-11-02T16:45:33.414Z] <<< [apiv2][status] GET https://cloudfunctions.googleapis.com/v1/operations/cmV0YWlsdXAtOTFiMjgvYXNpYS1zb3V0aDEvYXBpL3dRdFVhXzdOamsw 200
[debug] [2023-11-02T16:45:33.415Z] <<< [apiv2][body] GET https://cloudfunctions.googleapis.com/v1/operations/cmV0YWlsdXAtOTFiMjgvYXNpYS1zb3V0aDEvYXBpL3dRdFVhXzdOamsw {"name":"operations/cmV0YWlsdXAtOTFiMjgvYXNpYS1zb3V0aDEvYXBpL3dRdFVhXzdOamsw","metadata":{"@type":"type.googleapis.com/google.cloud.functions.v1.OperationMetadataV1","target":"projects/retailup-91b28/locations/asia-south1/functions/api","type":"UPDATE_FUNCTION","request":{"@type":"type.googleapis.com/google.cloud.functions.v1.CloudFunction","name":"projects/retailup-91b28/locations/asia-south1/functions/api","httpsTrigger":{"url":"https://asia-south1-retailup-91b28.cloudfunctions.net/api","securityLevel":"SECURE_ALWAYS"},"status":"ACTIVE","entryPoint":"api","timeout":"120s","availableMemoryMb":256,"serviceAccountEmail":"retailup-91b28@appspot.gserviceaccount.com","updateTime":"2023-10-29T14:44:19.606Z","versionId":"66","labels":{"deployment-tool":"cli-firebase","firebase-functions-hash":"44f00bd10dbc291a977c02be24dfe3f8f357c845"},"sourceUploadUrl":"https://storage.googleapis.com/uploads-207993954006.asia-south1.cloudfunctions.appspot.com/95da050a-6130-4c09-b36a-0964fc3f634d.zip?GoogleAccessId=service-30642582003@gcf-admin-robot.iam.gserviceaccount.com&Expires=1698945229&Signature=dBbhk4Hee50ToH4ZIMhI6278ZwaswAKZna2JzMAzTzUyvAky19xzVe8i4fQcTHpS%2FtqCJEQiJkcyWhW5smfrS60RWxJ4W0AmMBv4bBO8lsHGp7ceOrJIFmqK0zJ7arZ48WKWwSD7z2ia8EZ4r864Umg36B0Q0p989UchImr32%2B3PLkImI4Rh7jkppD%2BV8pl1caSJZo%2FeA%2FOo5R6HKSZl4IxnKHvn20aW9GMzCQ2qZWDGkKnIZiWDOplAdAZ2eg550I0KssO5uD57r%2FVw14gSF3fZ2aJ98VUgVlz3j%2BxEbo1slKFRHc0rivjaDZitYlaeDeXlSJr%2BsdUSxD1efJh4jg%3D%3D","environmentVariables":{"FIREBASE_CONFIG":"{\"projectId\":\"retailup-91b28\",\"databaseURL\":\"https://retailup-91b28-default-rtdb.asia-southeast1.firebasedatabase.app\",\"storageBucket\":\"retailup-91b28.appspot.com\",\"locationId\":\"asia-south1\"}","GCLOUD_PROJECT":"retailup-91b28","FIRESTORE_PREFER_REST":"true","EVENTARC_CLOUD_EVENT_SOURCE":"projects/retailup-91b28/locations/asia-south1/functions/api"},"runtime":"nodejs16","ingressSettings":"ALLOW_ALL","buildId":"eeeefe04-2df5-43e5-9c4c-6e272fd3a2ba","buildEnvironmentVariables":{"GOOGLE_NODE_RUN_SCRIPTS":""},"buildName":"projects/30642582003/locations/asia-south1/builds/eeeefe04-2df5-43e5-9c4c-6e272fd3a2ba","dockerRegistry":"ARTIFACT_REGISTRY"},"versionId":"67","updateTime":"2023-11-02T16:44:04Z","buildId":"dede8180-c778-4c63-a6a2-0db100306b3e","buildName":"projects/30642582003/locations/asia-south1/builds/dede8180-c778-4c63-a6a2-0db100306b3e"}}
[debug] [2023-11-02T16:45:43.428Z] [update-default-asia-south1-api] Retrying task index 0
[debug] [2023-11-02T16:45:43.429Z] >>> [apiv2][query] GET https://cloudfunctions.googleapis.com/v1/operations/cmV0YWlsdXAtOTFiMjgvYXNpYS1zb3V0aDEvYXBpL3dRdFVhXzdOamsw [none]
[debug] [2023-11-02T16:45:43.921Z] <<< [apiv2][status] GET https://cloudfunctions.googleapis.com/v1/operations/cmV0YWlsdXAtOTFiMjgvYXNpYS1zb3V0aDEvYXBpL3dRdFVhXzdOamsw 200
[debug] [2023-11-02T16:45:43.921Z] <<< [apiv2][body] GET https://cloudfunctions.googleapis.com/v1/operations/cmV0YWlsdXAtOTFiMjgvYXNpYS1zb3V0aDEvYXBpL3dRdFVhXzdOamsw {"name":"operations/cmV0YWlsdXAtOTFiMjgvYXNpYS1zb3V0aDEvYXBpL3dRdFVhXzdOamsw","metadata":{"@type":"type.googleapis.com/google.cloud.functions.v1.OperationMetadataV1","target":"projects/retailup-91b28/locations/asia-south1/functions/api","type":"UPDATE_FUNCTION","request":{"@type":"type.googleapis.com/google.cloud.functions.v1.CloudFunction","name":"projects/retailup-91b28/locations/asia-south1/functions/api","httpsTrigger":{"url":"https://asia-south1-retailup-91b28.cloudfunctions.net/api","securityLevel":"SECURE_ALWAYS"},"status":"ACTIVE","entryPoint":"api","timeout":"120s","availableMemoryMb":256,"serviceAccountEmail":"retailup-91b28@appspot.gserviceaccount.com","updateTime":"2023-10-29T14:44:19.606Z","versionId":"66","labels":{"deployment-tool":"cli-firebase","firebase-functions-hash":"44f00bd10dbc291a977c02be24dfe3f8f357c845"},"sourceUploadUrl":"https://storage.googleapis.com/uploads-207993954006.asia-south1.cloudfunctions.appspot.com/95da050a-6130-4c09-b36a-0964fc3f634d.zip?GoogleAccessId=service-30642582003@gcf-admin-robot.iam.gserviceaccount.com&Expires=1698945229&Signature=dBbhk4Hee50ToH4ZIMhI6278ZwaswAKZna2JzMAzTzUyvAky19xzVe8i4fQcTHpS%2FtqCJEQiJkcyWhW5smfrS60RWxJ4W0AmMBv4bBO8lsHGp7ceOrJIFmqK0zJ7arZ48WKWwSD7z2ia8EZ4r864Umg36B0Q0p989UchImr32%2B3PLkImI4Rh7jkppD%2BV8pl1caSJZo%2FeA%2FOo5R6HKSZl4IxnKHvn20aW9GMzCQ2qZWDGkKnIZiWDOplAdAZ2eg550I0KssO5uD57r%2FVw14gSF3fZ2aJ98VUgVlz3j%2BxEbo1slKFRHc0rivjaDZitYlaeDeXlSJr%2BsdUSxD1efJh4jg%3D%3D","environmentVariables":{"FIREBASE_CONFIG":"{\"projectId\":\"retailup-91b28\",\"databaseURL\":\"https://retailup-91b28-default-rtdb.asia-southeast1.firebasedatabase.app\",\"storageBucket\":\"retailup-91b28.appspot.com\",\"locationId\":\"asia-south1\"}","GCLOUD_PROJECT":"retailup-91b28","FIRESTORE_PREFER_REST":"true","EVENTARC_CLOUD_EVENT_SOURCE":"projects/retailup-91b28/locations/asia-south1/functions/api"},"runtime":"nodejs16","ingressSettings":"ALLOW_ALL","buildId":"eeeefe04-2df5-43e5-9c4c-6e272fd3a2ba","buildEnvironmentVariables":{"GOOGLE_NODE_RUN_SCRIPTS":""},"buildName":"projects/30642582003/locations/asia-south1/builds/eeeefe04-2df5-43e5-9c4c-6e272fd3a2ba","dockerRegistry":"ARTIFACT_REGISTRY"},"versionId":"67","updateTime":"2023-11-02T16:44:04Z","buildId":"dede8180-c778-4c63-a6a2-0db100306b3e","buildName":"projects/30642582003/locations/asia-south1/builds/dede8180-c778-4c63-a6a2-0db100306b3e"}}
[debug] [2023-11-02T16:45:53.928Z] [update-default-asia-south1-api] Retrying task index 0
[debug] [2023-11-02T16:45:53.929Z] >>> [apiv2][query] GET https://cloudfunctions.googleapis.com/v1/operations/cmV0YWlsdXAtOTFiMjgvYXNpYS1zb3V0aDEvYXBpL3dRdFVhXzdOamsw [none]
[debug] [2023-11-02T16:45:54.690Z] <<< [apiv2][status] GET https://cloudfunctions.googleapis.com/v1/operations/cmV0YWlsdXAtOTFiMjgvYXNpYS1zb3V0aDEvYXBpL3dRdFVhXzdOamsw 200
[debug] [2023-11-02T16:45:54.690Z] <<< [apiv2][body] GET https://cloudfunctions.googleapis.com/v1/operations/cmV0YWlsdXAtOTFiMjgvYXNpYS1zb3V0aDEvYXBpL3dRdFVhXzdOamsw {"name":"operations/cmV0YWlsdXAtOTFiMjgvYXNpYS1zb3V0aDEvYXBpL3dRdFVhXzdOamsw","metadata":{"@type":"type.googleapis.com/google.cloud.functions.v1.OperationMetadataV1","target":"projects/retailup-91b28/locations/asia-south1/functions/api","type":"UPDATE_FUNCTION","request":{"@type":"type.googleapis.com/google.cloud.functions.v1.CloudFunction","name":"projects/retailup-91b28/locations/asia-south1/functions/api","httpsTrigger":{"url":"https://asia-south1-retailup-91b28.cloudfunctions.net/api","securityLevel":"SECURE_ALWAYS"},"status":"ACTIVE","entryPoint":"api","timeout":"120s","availableMemoryMb":256,"serviceAccountEmail":"retailup-91b28@appspot.gserviceaccount.com","updateTime":"2023-10-29T14:44:19.606Z","versionId":"66","labels":{"deployment-tool":"cli-firebase","firebase-functions-hash":"44f00bd10dbc291a977c02be24dfe3f8f357c845"},"sourceUploadUrl":"https://storage.googleapis.com/uploads-207993954006.asia-south1.cloudfunctions.appspot.com/95da050a-6130-4c09-b36a-0964fc3f634d.zip?GoogleAccessId=service-30642582003@gcf-admin-robot.iam.gserviceaccount.com&Expires=1698945229&Signature=dBbhk4Hee50ToH4ZIMhI6278ZwaswAKZna2JzMAzTzUyvAky19xzVe8i4fQcTHpS%2FtqCJEQiJkcyWhW5smfrS60RWxJ4W0AmMBv4bBO8lsHGp7ceOrJIFmqK0zJ7arZ48WKWwSD7z2ia8EZ4r864Umg36B0Q0p989UchImr32%2B3PLkImI4Rh7jkppD%2BV8pl1caSJZo%2FeA%2FOo5R6HKSZl4IxnKHvn20aW9GMzCQ2qZWDGkKnIZiWDOplAdAZ2eg550I0KssO5uD57r%2FVw14gSF3fZ2aJ98VUgVlz3j%2BxEbo1slKFRHc0rivjaDZitYlaeDeXlSJr%2BsdUSxD1efJh4jg%3D%3D","environmentVariables":{"FIREBASE_CONFIG":"{\"projectId\":\"retailup-91b28\",\"databaseURL\":\"https://retailup-91b28-default-rtdb.asia-southeast1.firebasedatabase.app\",\"storageBucket\":\"retailup-91b28.appspot.com\",\"locationId\":\"asia-south1\"}","GCLOUD_PROJECT":"retailup-91b28","FIRESTORE_PREFER_REST":"true","EVENTARC_CLOUD_EVENT_SOURCE":"projects/retailup-91b28/locations/asia-south1/functions/api"},"runtime":"nodejs16","ingressSettings":"ALLOW_ALL","buildId":"eeeefe04-2df5-43e5-9c4c-6e272fd3a2ba","buildEnvironmentVariables":{"GOOGLE_NODE_RUN_SCRIPTS":""},"buildName":"projects/30642582003/locations/asia-south1/builds/eeeefe04-2df5-43e5-9c4c-6e272fd3a2ba","dockerRegistry":"ARTIFACT_REGISTRY"},"versionId":"67","updateTime":"2023-11-02T16:44:04Z","buildId":"dede8180-c778-4c63-a6a2-0db100306b3e","buildName":"projects/30642582003/locations/asia-south1/builds/dede8180-c778-4c63-a6a2-0db100306b3e"}}
[debug] [2023-11-02T16:46:04.692Z] [update-default-asia-south1-api] Retrying task index 0
[debug] [2023-11-02T16:46:04.694Z] >>> [apiv2][query] GET https://cloudfunctions.googleapis.com/v1/operations/cmV0YWlsdXAtOTFiMjgvYXNpYS1zb3V0aDEvYXBpL3dRdFVhXzdOamsw [none]
[debug] [2023-11-02T16:46:05.330Z] <<< [apiv2][status] GET https://cloudfunctions.googleapis.com/v1/operations/cmV0YWlsdXAtOTFiMjgvYXNpYS1zb3V0aDEvYXBpL3dRdFVhXzdOamsw 200
[debug] [2023-11-02T16:46:05.330Z] <<< [apiv2][body] GET https://cloudfunctions.googleapis.com/v1/operations/cmV0YWlsdXAtOTFiMjgvYXNpYS1zb3V0aDEvYXBpL3dRdFVhXzdOamsw {"name":"operations/cmV0YWlsdXAtOTFiMjgvYXNpYS1zb3V0aDEvYXBpL3dRdFVhXzdOamsw","metadata":{"@type":"type.googleapis.com/google.cloud.functions.v1.OperationMetadataV1","target":"projects/retailup-91b28/locations/asia-south1/functions/api","type":"UPDATE_FUNCTION","request":{"@type":"type.googleapis.com/google.cloud.functions.v1.CloudFunction","name":"projects/retailup-91b28/locations/asia-south1/functions/api","httpsTrigger":{"url":"https://asia-south1-retailup-91b28.cloudfunctions.net/api","securityLevel":"SECURE_ALWAYS"},"status":"ACTIVE","entryPoint":"api","timeout":"120s","availableMemoryMb":256,"serviceAccountEmail":"retailup-91b28@appspot.gserviceaccount.com","updateTime":"2023-10-29T14:44:19.606Z","versionId":"66","labels":{"deployment-tool":"cli-firebase","firebase-functions-hash":"44f00bd10dbc291a977c02be24dfe3f8f357c845"},"sourceUploadUrl":"https://storage.googleapis.com/uploads-207993954006.asia-south1.cloudfunctions.appspot.com/95da050a-6130-4c09-b36a-0964fc3f634d.zip?GoogleAccessId=service-30642582003@gcf-admin-robot.iam.gserviceaccount.com&Expires=1698945229&Signature=dBbhk4Hee50ToH4ZIMhI6278ZwaswAKZna2JzMAzTzUyvAky19xzVe8i4fQcTHpS%2FtqCJEQiJkcyWhW5smfrS60RWxJ4W0AmMBv4bBO8lsHGp7ceOrJIFmqK0zJ7arZ48WKWwSD7z2ia8EZ4r864Umg36B0Q0p989UchImr32%2B3PLkImI4Rh7jkppD%2BV8pl1caSJZo%2FeA%2FOo5R6HKSZl4IxnKHvn20aW9GMzCQ2qZWDGkKnIZiWDOplAdAZ2eg550I0KssO5uD57r%2FVw14gSF3fZ2aJ98VUgVlz3j%2BxEbo1slKFRHc0rivjaDZitYlaeDeXlSJr%2BsdUSxD1efJh4jg%3D%3D","environmentVariables":{"FIREBASE_CONFIG":"{\"projectId\":\"retailup-91b28\",\"databaseURL\":\"https://retailup-91b28-default-rtdb.asia-southeast1.firebasedatabase.app\",\"storageBucket\":\"retailup-91b28.appspot.com\",\"locationId\":\"asia-south1\"}","GCLOUD_PROJECT":"retailup-91b28","FIRESTORE_PREFER_REST":"true","EVENTARC_CLOUD_EVENT_SOURCE":"projects/retailup-91b28/locations/asia-south1/functions/api"},"runtime":"nodejs16","ingressSettings":"ALLOW_ALL","buildId":"eeeefe04-2df5-43e5-9c4c-6e272fd3a2ba","buildEnvironmentVariables":{"GOOGLE_NODE_RUN_SCRIPTS":""},"buildName":"projects/30642582003/locations/asia-south1/builds/eeeefe04-2df5-43e5-9c4c-6e272fd3a2ba","dockerRegistry":"ARTIFACT_REGISTRY"},"versionId":"67","updateTime":"2023-11-02T16:44:04Z","buildId":"dede8180-c778-4c63-a6a2-0db100306b3e","buildName":"projects/30642582003/locations/asia-south1/builds/dede8180-c778-4c63-a6a2-0db100306b3e"}}
[debug] [2023-11-02T16:46:15.335Z] [update-default-asia-south1-api] Retrying task index 0
[debug] [2023-11-02T16:46:15.335Z] >>> [apiv2][query] GET https://cloudfunctions.googleapis.com/v1/operations/cmV0YWlsdXAtOTFiMjgvYXNpYS1zb3V0aDEvYXBpL3dRdFVhXzdOamsw [none]
[debug] [2023-11-02T16:46:15.796Z] <<< [apiv2][status] GET https://cloudfunctions.googleapis.com/v1/operations/cmV0YWlsdXAtOTFiMjgvYXNpYS1zb3V0aDEvYXBpL3dRdFVhXzdOamsw 200
[debug] [2023-11-02T16:46:15.796Z] <<< [apiv2][body] GET https://cloudfunctions.googleapis.com/v1/operations/cmV0YWlsdXAtOTFiMjgvYXNpYS1zb3V0aDEvYXBpL3dRdFVhXzdOamsw {"name":"operations/cmV0YWlsdXAtOTFiMjgvYXNpYS1zb3V0aDEvYXBpL3dRdFVhXzdOamsw","metadata":{"@type":"type.googleapis.com/google.cloud.functions.v1.OperationMetadataV1","target":"projects/retailup-91b28/locations/asia-south1/functions/api","type":"UPDATE_FUNCTION","request":{"@type":"type.googleapis.com/google.cloud.functions.v1.CloudFunction","name":"projects/retailup-91b28/locations/asia-south1/functions/api","httpsTrigger":{"url":"https://asia-south1-retailup-91b28.cloudfunctions.net/api","securityLevel":"SECURE_ALWAYS"},"status":"ACTIVE","entryPoint":"api","timeout":"120s","availableMemoryMb":256,"serviceAccountEmail":"retailup-91b28@appspot.gserviceaccount.com","updateTime":"2023-10-29T14:44:19.606Z","versionId":"66","labels":{"deployment-tool":"cli-firebase","firebase-functions-hash":"44f00bd10dbc291a977c02be24dfe3f8f357c845"},"sourceUploadUrl":"https://storage.googleapis.com/uploads-207993954006.asia-south1.cloudfunctions.appspot.com/95da050a-6130-4c09-b36a-0964fc3f634d.zip?GoogleAccessId=service-30642582003@gcf-admin-robot.iam.gserviceaccount.com&Expires=1698945229&Signature=dBbhk4Hee50ToH4ZIMhI6278ZwaswAKZna2JzMAzTzUyvAky19xzVe8i4fQcTHpS%2FtqCJEQiJkcyWhW5smfrS60RWxJ4W0AmMBv4bBO8lsHGp7ceOrJIFmqK0zJ7arZ48WKWwSD7z2ia8EZ4r864Umg36B0Q0p989UchImr32%2B3PLkImI4Rh7jkppD%2BV8pl1caSJZo%2FeA%2FOo5R6HKSZl4IxnKHvn20aW9GMzCQ2qZWDGkKnIZiWDOplAdAZ2eg550I0KssO5uD57r%2FVw14gSF3fZ2aJ98VUgVlz3j%2BxEbo1slKFRHc0rivjaDZitYlaeDeXlSJr%2BsdUSxD1efJh4jg%3D%3D","environmentVariables":{"FIREBASE_CONFIG":"{\"projectId\":\"retailup-91b28\",\"databaseURL\":\"https://retailup-91b28-default-rtdb.asia-southeast1.firebasedatabase.app\",\"storageBucket\":\"retailup-91b28.appspot.com\",\"locationId\":\"asia-south1\"}","GCLOUD_PROJECT":"retailup-91b28","FIRESTORE_PREFER_REST":"true","EVENTARC_CLOUD_EVENT_SOURCE":"projects/retailup-91b28/locations/asia-south1/functions/api"},"runtime":"nodejs16","ingressSettings":"ALLOW_ALL","buildId":"eeeefe04-2df5-43e5-9c4c-6e272fd3a2ba","buildEnvironmentVariables":{"GOOGLE_NODE_RUN_SCRIPTS":""},"buildName":"projects/30642582003/locations/asia-south1/builds/eeeefe04-2df5-43e5-9c4c-6e272fd3a2ba","dockerRegistry":"ARTIFACT_REGISTRY"},"versionId":"67","updateTime":"2023-11-02T16:44:04Z","buildId":"dede8180-c778-4c63-a6a2-0db100306b3e","buildName":"projects/30642582003/locations/asia-south1/builds/dede8180-c778-4c63-a6a2-0db100306b3e"}}
[debug] [2023-11-02T16:46:27.891Z] ----------------------------------------------------------------------
[debug] [2023-11-02T16:46:27.897Z] Command:       C:\Program Files\nodejs\node.exe C:\Users\USER\AppData\Roaming\npm\node_modules\firebase-tools\lib\bin\firebase.js deploy
[debug] [2023-11-02T16:46:27.898Z] CLI Version:   12.8.0
[debug] [2023-11-02T16:46:27.899Z] Platform:      win32
[debug] [2023-11-02T16:46:27.900Z] Node Version:  v18.18.2
[debug] [2023-11-02T16:46:27.901Z] Time:          Thu Nov 02 2023 09:46:27 GMT-0700 (Pacific Daylight Time)
[debug] [2023-11-02T16:46:27.901Z] ----------------------------------------------------------------------
[debug] 
[debug] [2023-11-02T16:46:28.053Z] > command requires scopes: ["email","openid","https://www.googleapis.com/auth/cloudplatformprojects.readonly","https://www.googleapis.com/auth/firebase","https://www.googleapis.com/auth/cloud-platform"]
[debug] [2023-11-02T16:46:28.054Z] > authorizing via signed-in user (agroha.cares@gmail.com)
[debug] [2023-11-02T16:46:28.054Z] [iam] checking project retailup-91b28 for permissions ["cloudfunctions.functions.create","cloudfunctions.functions.delete","cloudfunctions.functions.get","cloudfunctions.functions.list","cloudfunctions.functions.update","cloudfunctions.operations.get","firebase.projects.get","firebasehosting.sites.update"]
[debug] [2023-11-02T16:46:28.058Z] >>> [apiv2][query] POST https://cloudresourcemanager.googleapis.com/v1/projects/retailup-91b28:testIamPermissions [none]
[debug] [2023-11-02T16:46:28.059Z] >>> [apiv2][(partial)header] POST https://cloudresourcemanager.googleapis.com/v1/projects/retailup-91b28:testIamPermissions x-goog-quota-user=projects/retailup-91b28
[debug] [2023-11-02T16:46:28.059Z] >>> [apiv2][body] POST https://cloudresourcemanager.googleapis.com/v1/projects/retailup-91b28:testIamPermissions {"permissions":["cloudfunctions.functions.create","cloudfunctions.functions.delete","cloudfunctions.functions.get","cloudfunctions.functions.list","cloudfunctions.functions.update","cloudfunctions.operations.get","firebase.projects.get","firebasehosting.sites.update"]}
[debug] [2023-11-02T16:46:29.656Z] <<< [apiv2][status] POST https://cloudresourcemanager.googleapis.com/v1/projects/retailup-91b28:testIamPermissions 200
[debug] [2023-11-02T16:46:29.657Z] <<< [apiv2][body] POST https://cloudresourcemanager.googleapis.com/v1/projects/retailup-91b28:testIamPermissions {"permissions":["cloudfunctions.functions.create","cloudfunctions.functions.delete","cloudfunctions.functions.get","cloudfunctions.functions.list","cloudfunctions.functions.update","cloudfunctions.operations.get","firebase.projects.get","firebasehosting.sites.update"]}
[debug] [2023-11-02T16:46:29.658Z] >>> [apiv2][query] POST https://iam.googleapis.com/v1/projects/retailup-91b28/serviceAccounts/retailup-91b28@appspot.gserviceaccount.com:testIamPermissions [none]
[debug] [2023-11-02T16:46:29.658Z] >>> [apiv2][body] POST https://iam.googleapis.com/v1/projects/retailup-91b28/serviceAccounts/retailup-91b28@appspot.gserviceaccount.com:testIamPermissions {"permissions":["iam.serviceAccounts.actAs"]}
[debug] [2023-11-02T16:46:31.174Z] <<< [apiv2][status] POST https://iam.googleapis.com/v1/projects/retailup-91b28/serviceAccounts/retailup-91b28@appspot.gserviceaccount.com:testIamPermissions 200
[debug] [2023-11-02T16:46:31.175Z] <<< [apiv2][body] POST https://iam.googleapis.com/v1/projects/retailup-91b28/serviceAccounts/retailup-91b28@appspot.gserviceaccount.com:testIamPermissions {"permissions":["iam.serviceAccounts.actAs"]}
[debug] [2023-11-02T16:46:31.176Z] >>> [apiv2][query] GET https://firebase.googleapis.com/v1beta1/projects/retailup-91b28 [none]
[debug] [2023-11-02T16:46:31.979Z] <<< [apiv2][status] GET https://firebase.googleapis.com/v1beta1/projects/retailup-91b28 200
[debug] [2023-11-02T16:46:31.979Z] <<< [apiv2][body] GET https://firebase.googleapis.com/v1beta1/projects/retailup-91b28 {"projectId":"retailup-91b28","projectNumber":"30642582003","displayName":"retailup","name":"projects/retailup-91b28","resources":{"hostingSite":"retailup-91b28","realtimeDatabaseInstance":"retailup-91b28-default-rtdb","storageBucket":"retailup-91b28.appspot.com","locationId":"asia-south1"},"state":"ACTIVE","etag":"1_c02699be-1b75-4258-9d02-3ee41346ff33"}
[info] 
[info] === Deploying to 'retailup-91b28'...
[info] 
[info] i  deploying functions, hosting 
[debug] [2023-11-02T16:46:31.991Z] >>> [apiv2][query] GET https://firebase.googleapis.com/v1beta1/projects/retailup-91b28 [none]
